[2019-07-22 14:06:22] app.ERROR: Cannot register tab "AdminLinkWidget" because it already exists [] []
[2019-07-22 14:07:09] app.INFO: Exporting mail with theme modern for language Français (French) [] []
[2019-07-22 14:07:09] app.INFO: Core output folder: /var/www/html/SENSHOP/mails [] []
[2019-07-22 14:07:09] app.INFO: Modules output folder: /var/www/html/SENSHOP/modules/ [] []
[2019-07-22 14:07:11] app.INFO: Exporting mail with theme modern for language English (English) [] []
[2019-07-22 14:07:11] app.INFO: Core output folder: /var/www/html/SENSHOP/mails [] []
[2019-07-22 14:07:11] app.INFO: Modules output folder: /var/www/html/SENSHOP/modules/ [] []
[2019-07-22 14:47:41] request.INFO: Matched route "admin_themes_enable". {"route":"admin_themes_enable","route_parameters":{"_controller":"PrestaShopBundle\\Controller\\Admin\\Improve\\Design\\ThemeController::enableAction","_legacy_controller":"AdminThemes","_legacy_link":"AdminThemes:enableTheme","_legacy_parameters":{"theme_name":"themeName"},"themeName":"shopkart_lite","_route":"admin_themes_enable"},"request_uri":"http://localhost/SENSHOP/admin523wv7vhl/index.php/improve/design/themes/shopkart_lite/enable?_token=VhmHEKlCLv-UyjFF4myceMRrD5x3rp8cKLSduxjZNoY","method":"POST"} []
[2019-07-22 14:47:41] security.DEBUG: Read existing security token from the session. {"key":"_security_main","token_class":"Symfony\\Component\\Security\\Core\\Authentication\\Token\\UsernamePasswordToken"} []
[2019-07-22 14:47:41] security.DEBUG: User was reloaded from a user provider. {"provider":"PrestaShopBundle\\Security\\Admin\\EmployeeProvider","username":"ramaba389@gmail.com"} []
[2019-07-22 14:47:46] app.ERROR: Data from PrestaShop Addons is invalid, and cannot fallback on cache.  {"exception":"cURL error 28: Operation timed out after 5000 milliseconds with 143624 bytes received"} []
[2019-07-22 14:48:13] security.DEBUG: Stored the security token in the session. {"key":"_security_main"} []
[2019-07-22 15:26:49] request.INFO: Matched route "admin_module_manage_action". {"route":"admin_module_manage_action","route_parameters":{"_controller":"PrestaShopBundle\\Controller\\Admin\\Improve\\ModuleController::moduleAction","action":"upgrade","module_name":"ps_linklist","_route":"admin_module_manage_action"},"request_uri":"http://localhost/SENSHOP/admin523wv7vhl/index.php/improve/modules/manage/action/upgrade/ps_linklist?_token=VhmHEKlCLv-UyjFF4myceMRrD5x3rp8cKLSduxjZNoY","method":"POST"} []
[2019-07-22 15:28:06] security.DEBUG: Read existing security token from the session. {"key":"_security_main","token_class":"Symfony\\Component\\Security\\Core\\Authentication\\Token\\UsernamePasswordToken"} []
[2019-07-22 15:28:06] security.DEBUG: User was reloaded from a user provider. {"provider":"PrestaShopBundle\\Security\\Admin\\EmployeeProvider","username":"ramaba389@gmail.com"} []
[2019-07-22 15:28:12] request.CRITICAL: Uncaught PHP Exception Symfony\Component\Debug\Exception\FatalErrorException: "Compile Error: require(): Failed opening required '/var/www/html/SENSHOP/var/cache/prod/ContainerFpq4ev1/getRouting_LoaderService.php' (include_path='/var/www/html/SENSHOP/vendor/pear/pear_exception:/var/www/html/SENSHOP/vendor/pear/console_getopt:/var/www/html/SENSHOP/vendor/pear/pear-core-minimal/src:/var/www/html/SENSHOP/vendor/pear/archive_tar:.:/usr/share/php')" at /var/www/html/SENSHOP/var/cache/prod/ContainerFpq4ev1/appProdProjectContainer.php line 1633 {"exception":"[object] (Symfony\\Component\\Debug\\Exception\\FatalErrorException(code: 0): Compile Error: require(): Failed opening required '/var/www/html/SENSHOP/var/cache/prod/ContainerFpq4ev1/getRouting_LoaderService.php' (include_path='/var/www/html/SENSHOP/vendor/pear/pear_exception:/var/www/html/SENSHOP/vendor/pear/console_getopt:/var/www/html/SENSHOP/vendor/pear/pear-core-minimal/src:/var/www/html/SENSHOP/vendor/pear/archive_tar:.:/usr/share/php') at /var/www/html/SENSHOP/var/cache/prod/ContainerFpq4ev1/appProdProjectContainer.php:1633)"} []
[2019-07-24 23:45:04] request.INFO: Matched route "admin_module_manage". {"route":"admin_module_manage","route_parameters":{"category":null,"keyword":null,"_controller":"PrestaShopBundle\\Controller\\Admin\\Improve\\ModuleController::manageAction","_legacy_controller":"AdminModulesManage","_legacy_link":["AdminModulesManage","AdminModulesSf"],"_route":"admin_module_manage"},"request_uri":"http://localhost/SENSHOP/admin523wv7vhl/index.php/improve/modules/manage?_token=0d5cVBaLt5OSY-UOC6LtGZjiZ0MlNdjWyISf8DjVsHw","method":"GET"} []
[2019-07-24 23:45:04] security.DEBUG: Read existing security token from the session. {"key":"_security_main","token_class":"Symfony\\Component\\Security\\Core\\Authentication\\Token\\UsernamePasswordToken"} []
[2019-07-24 23:45:04] security.DEBUG: User was reloaded from a user provider. {"provider":"PrestaShopBundle\\Security\\Admin\\EmployeeProvider","username":"ramaba389@gmail.com"} []
[2019-07-24 23:45:09] app.ERROR: Data from PrestaShop Addons is invalid, and cannot fallback on cache.  {"exception":"cURL error 28: Operation timed out after 5000 milliseconds with 51798 bytes received"} []
[2019-07-24 23:45:09] security.DEBUG: Stored the security token in the session. {"key":"_security_main"} []
[2019-07-24 23:45:10] request.INFO: Matched route "admin_module_notification_count". {"route":"admin_module_notification_count","route_parameters":{"_controller":"PrestaShopBundle\\Controller\\Admin\\Improve\\Modules\\AlertsController::notificationsCountAction","_legacy_controller":"AdminModulesNotifications","_legacy_link":"AdminModulesNotifications:count","_route":"admin_module_notification_count"},"request_uri":"http://localhost/SENSHOP/admin523wv7vhl/index.php/improve/modules/alerts/count?_token=0d5cVBaLt5OSY-UOC6LtGZjiZ0MlNdjWyISf8DjVsHw","method":"GET"} []
[2019-07-24 23:45:10] security.DEBUG: Read existing security token from the session. {"key":"_security_main","token_class":"Symfony\\Component\\Security\\Core\\Authentication\\Token\\UsernamePasswordToken"} []
[2019-07-24 23:45:10] security.DEBUG: User was reloaded from a user provider. {"provider":"PrestaShopBundle\\Security\\Admin\\EmployeeProvider","username":"ramaba389@gmail.com"} []
[2019-07-24 23:45:15] app.ERROR: Data from PrestaShop Addons is invalid, and cannot fallback on cache.  {"exception":"cURL error 28: Operation timed out after 5000 milliseconds with 157629 bytes received"} []
[2019-07-24 23:45:15] security.DEBUG: Stored the security token in the session. {"key":"_security_main"} []
[2019-07-24 23:45:16] request.INFO: Matched route "admin_module_configure_action". {"route":"admin_module_configure_action","route_parameters":{"_controller":"PrestaShopBundle\\Controller\\Admin\\Improve\\ModuleController::configureModuleAction","_legacy_controller":"AdminModules","module_name":"ht_staticblocks","_route":"admin_module_configure_action"},"request_uri":"http://localhost/SENSHOP/admin523wv7vhl/index.php/improve/modules/manage/action/configure/ht_staticblocks?_token=0d5cVBaLt5OSY-UOC6LtGZjiZ0MlNdjWyISf8DjVsHw","method":"GET"} []
[2019-07-24 23:45:16] security.DEBUG: Read existing security token from the session. {"key":"_security_main","token_class":"Symfony\\Component\\Security\\Core\\Authentication\\Token\\UsernamePasswordToken"} []
[2019-07-24 23:45:16] security.DEBUG: User was reloaded from a user provider. {"provider":"PrestaShopBundle\\Security\\Admin\\EmployeeProvider","username":"ramaba389@gmail.com"} []
[2019-07-24 23:45:21] app.ERROR: Data from PrestaShop Addons is invalid, and cannot fallback on cache.  {"exception":"cURL error 28: Operation timed out after 5000 milliseconds with 108566 bytes received"} []
[2019-07-24 23:45:21] security.DEBUG: Stored the security token in the session. {"key":"_security_main"} []
[2019-07-24 23:53:43] request.INFO: Matched route "admin_module_manage". {"route":"admin_module_manage","route_parameters":{"category":null,"keyword":null,"_controller":"PrestaShopBundle\\Controller\\Admin\\Improve\\ModuleController::manageAction","_legacy_controller":"AdminModulesManage","_legacy_link":["AdminModulesManage","AdminModulesSf"],"_route":"admin_module_manage"},"request_uri":"http://localhost/SENSHOP/admin523wv7vhl/index.php/improve/modules/manage?_token=0d5cVBaLt5OSY-UOC6LtGZjiZ0MlNdjWyISf8DjVsHw","method":"GET"} []
[2019-07-24 23:53:43] security.DEBUG: Read existing security token from the session. {"key":"_security_main","token_class":"Symfony\\Component\\Security\\Core\\Authentication\\Token\\UsernamePasswordToken"} []
[2019-07-24 23:53:43] security.DEBUG: User was reloaded from a user provider. {"provider":"PrestaShopBundle\\Security\\Admin\\EmployeeProvider","username":"ramaba389@gmail.com"} []
[2019-07-24 23:53:48] app.ERROR: Data from PrestaShop Addons is invalid, and cannot fallback on cache.  {"exception":"cURL error 28: Operation timed out after 5000 milliseconds with 174469 bytes received"} []
[2019-07-24 23:53:49] security.DEBUG: Stored the security token in the session. {"key":"_security_main"} []
[2019-07-24 23:53:50] request.INFO: Matched route "admin_module_notification_count". {"route":"admin_module_notification_count","route_parameters":{"_controller":"PrestaShopBundle\\Controller\\Admin\\Improve\\Modules\\AlertsController::notificationsCountAction","_legacy_controller":"AdminModulesNotifications","_legacy_link":"AdminModulesNotifications:count","_route":"admin_module_notification_count"},"request_uri":"http://localhost/SENSHOP/admin523wv7vhl/index.php/improve/modules/alerts/count?_token=0d5cVBaLt5OSY-UOC6LtGZjiZ0MlNdjWyISf8DjVsHw","method":"GET"} []
[2019-07-24 23:53:50] security.DEBUG: Read existing security token from the session. {"key":"_security_main","token_class":"Symfony\\Component\\Security\\Core\\Authentication\\Token\\UsernamePasswordToken"} []
[2019-07-24 23:53:50] security.DEBUG: User was reloaded from a user provider. {"provider":"PrestaShopBundle\\Security\\Admin\\EmployeeProvider","username":"ramaba389@gmail.com"} []
[2019-07-24 23:53:55] app.ERROR: Data from PrestaShop Addons is invalid, and cannot fallback on cache.  {"exception":"cURL error 28: Operation timed out after 5000 milliseconds with 158085 bytes received"} []
[2019-07-24 23:53:55] security.DEBUG: Stored the security token in the session. {"key":"_security_main"} []
[2019-07-24 23:54:00] request.INFO: Matched route "admin_module_configure_action". {"route":"admin_module_configure_action","route_parameters":{"_controller":"PrestaShopBundle\\Controller\\Admin\\Improve\\ModuleController::configureModuleAction","_legacy_controller":"AdminModules","module_name":"ht_staticblocks","_route":"admin_module_configure_action"},"request_uri":"http://localhost/SENSHOP/admin523wv7vhl/index.php/improve/modules/manage/action/configure/ht_staticblocks?_token=0d5cVBaLt5OSY-UOC6LtGZjiZ0MlNdjWyISf8DjVsHw","method":"GET"} []
[2019-07-24 23:54:00] security.DEBUG: Read existing security token from the session. {"key":"_security_main","token_class":"Symfony\\Component\\Security\\Core\\Authentication\\Token\\UsernamePasswordToken"} []
[2019-07-24 23:54:00] security.DEBUG: User was reloaded from a user provider. {"provider":"PrestaShopBundle\\Security\\Admin\\EmployeeProvider","username":"ramaba389@gmail.com"} []
[2019-07-24 23:54:05] app.ERROR: Data from PrestaShop Addons is invalid, and cannot fallback on cache.  {"exception":"cURL error 28: Operation timed out after 5000 milliseconds with 110470 bytes received"} []
[2019-07-24 23:54:06] security.DEBUG: Stored the security token in the session. {"key":"_security_main"} []
[2019-07-24 23:59:58] request.INFO: Matched route "admin_module_manage". {"route":"admin_module_manage","route_parameters":{"category":null,"keyword":null,"_controller":"PrestaShopBundle\\Controller\\Admin\\Improve\\ModuleController::manageAction","_legacy_controller":"AdminModulesManage","_legacy_link":["AdminModulesManage","AdminModulesSf"],"_route":"admin_module_manage"},"request_uri":"http://localhost/SENSHOP/admin523wv7vhl/index.php/improve/modules/manage?_token=0d5cVBaLt5OSY-UOC6LtGZjiZ0MlNdjWyISf8DjVsHw","method":"GET"} []
[2019-07-24 23:59:58] security.DEBUG: Read existing security token from the session. {"key":"_security_main","token_class":"Symfony\\Component\\Security\\Core\\Authentication\\Token\\UsernamePasswordToken"} []
[2019-07-24 23:59:58] security.DEBUG: User was reloaded from a user provider. {"provider":"PrestaShopBundle\\Security\\Admin\\EmployeeProvider","username":"ramaba389@gmail.com"} []
[2019-07-25 00:00:03] app.ERROR: Data from PrestaShop Addons is invalid, and cannot fallback on cache.  {"exception":"cURL error 28: Operation timed out after 5000 milliseconds with 75422 bytes received"} []
[2019-07-25 00:00:03] security.DEBUG: Stored the security token in the session. {"key":"_security_main"} []
[2019-07-25 00:00:04] request.INFO: Matched route "admin_module_notification_count". {"route":"admin_module_notification_count","route_parameters":{"_controller":"PrestaShopBundle\\Controller\\Admin\\Improve\\Modules\\AlertsController::notificationsCountAction","_legacy_controller":"AdminModulesNotifications","_legacy_link":"AdminModulesNotifications:count","_route":"admin_module_notification_count"},"request_uri":"http://localhost/SENSHOP/admin523wv7vhl/index.php/improve/modules/alerts/count?_token=0d5cVBaLt5OSY-UOC6LtGZjiZ0MlNdjWyISf8DjVsHw","method":"GET"} []
[2019-07-25 00:00:07] security.DEBUG: Read existing security token from the session. {"key":"_security_main","token_class":"Symfony\\Component\\Security\\Core\\Authentication\\Token\\UsernamePasswordToken"} []
[2019-07-25 00:00:07] security.DEBUG: User was reloaded from a user provider. {"provider":"PrestaShopBundle\\Security\\Admin\\EmployeeProvider","username":"ramaba389@gmail.com"} []
[2019-07-25 00:00:12] app.ERROR: Data from PrestaShop Addons is invalid, and cannot fallback on cache.  {"exception":"cURL error 28: Operation timed out after 5000 milliseconds with 174469 bytes received"} []
[2019-07-25 00:00:12] security.DEBUG: Stored the security token in the session. {"key":"_security_main"} []
[2019-07-25 00:00:32] app.ERROR: Data from PrestaShop Addons is invalid, and cannot fallback on cache.  {"exception":"cURL error 28: Operation timed out after 5000 milliseconds with 0 out of 0 bytes received"} []
[2019-07-25 00:00:36] request.INFO: Matched route "admin_module_manage". {"route":"admin_module_manage","route_parameters":{"category":null,"keyword":null,"_controller":"PrestaShopBundle\\Controller\\Admin\\Improve\\ModuleController::manageAction","_legacy_controller":"AdminModulesManage","_legacy_link":["AdminModulesManage","AdminModulesSf"],"_route":"admin_module_manage"},"request_uri":"http://localhost/SENSHOP/admin523wv7vhl/index.php/improve/modules/manage?_token=0d5cVBaLt5OSY-UOC6LtGZjiZ0MlNdjWyISf8DjVsHw","method":"GET"} []
[2019-07-25 00:00:36] security.DEBUG: Read existing security token from the session. {"key":"_security_main","token_class":"Symfony\\Component\\Security\\Core\\Authentication\\Token\\UsernamePasswordToken"} []
[2019-07-25 00:00:36] security.DEBUG: User was reloaded from a user provider. {"provider":"PrestaShopBundle\\Security\\Admin\\EmployeeProvider","username":"ramaba389@gmail.com"} []
[2019-07-25 00:00:41] app.ERROR: Data from PrestaShop Addons is invalid, and cannot fallback on cache.  {"exception":"cURL error 28: Operation timed out after 5001 milliseconds with 190853 bytes received"} []
[2019-07-25 00:00:42] security.DEBUG: Stored the security token in the session. {"key":"_security_main"} []
[2019-07-25 00:00:43] request.INFO: Matched route "admin_module_notification_count". {"route":"admin_module_notification_count","route_parameters":{"_controller":"PrestaShopBundle\\Controller\\Admin\\Improve\\Modules\\AlertsController::notificationsCountAction","_legacy_controller":"AdminModulesNotifications","_legacy_link":"AdminModulesNotifications:count","_route":"admin_module_notification_count"},"request_uri":"http://localhost/SENSHOP/admin523wv7vhl/index.php/improve/modules/alerts/count?_token=0d5cVBaLt5OSY-UOC6LtGZjiZ0MlNdjWyISf8DjVsHw","method":"GET"} []
[2019-07-25 00:00:43] security.DEBUG: Read existing security token from the session. {"key":"_security_main","token_class":"Symfony\\Component\\Security\\Core\\Authentication\\Token\\UsernamePasswordToken"} []
[2019-07-25 00:00:43] security.DEBUG: User was reloaded from a user provider. {"provider":"PrestaShopBundle\\Security\\Admin\\EmployeeProvider","username":"ramaba389@gmail.com"} []
[2019-07-25 00:00:48] app.ERROR: Data from PrestaShop Addons is invalid, and cannot fallback on cache.  {"exception":"cURL error 28: Operation timed out after 5000 milliseconds with 156181 bytes received"} []
[2019-07-25 00:00:48] security.DEBUG: Stored the security token in the session. {"key":"_security_main"} []
[2019-07-25 00:05:56] request.INFO: Matched route "admin_module_configure_action". {"route":"admin_module_configure_action","route_parameters":{"_controller":"PrestaShopBundle\\Controller\\Admin\\Improve\\ModuleController::configureModuleAction","_legacy_controller":"AdminModules","module_name":"ht_staticblocks","_route":"admin_module_configure_action"},"request_uri":"http://localhost/SENSHOP/admin523wv7vhl/index.php/improve/modules/manage/action/configure/ht_staticblocks?_token=0d5cVBaLt5OSY-UOC6LtGZjiZ0MlNdjWyISf8DjVsHw","method":"GET"} []
[2019-07-25 00:05:56] security.DEBUG: Read existing security token from the session. {"key":"_security_main","token_class":"Symfony\\Component\\Security\\Core\\Authentication\\Token\\UsernamePasswordToken"} []
[2019-07-25 00:05:56] security.DEBUG: User was reloaded from a user provider. {"provider":"PrestaShopBundle\\Security\\Admin\\EmployeeProvider","username":"ramaba389@gmail.com"} []
[2019-07-25 00:06:01] app.ERROR: Data from PrestaShop Addons is invalid, and cannot fallback on cache.  {"exception":"cURL error 28: Operation timed out after 5000 milliseconds with 0 bytes received"} []
[2019-07-25 00:06:02] security.DEBUG: Stored the security token in the session. {"key":"_security_main"} []
[2019-07-25 00:06:09] request.INFO: Matched route "admin_module_manage". {"route":"admin_module_manage","route_parameters":{"category":null,"keyword":null,"_controller":"PrestaShopBundle\\Controller\\Admin\\Improve\\ModuleController::manageAction","_legacy_controller":"AdminModulesManage","_legacy_link":["AdminModulesManage","AdminModulesSf"],"_route":"admin_module_manage"},"request_uri":"http://localhost/SENSHOP/admin523wv7vhl/index.php/improve/modules/manage?_token=0d5cVBaLt5OSY-UOC6LtGZjiZ0MlNdjWyISf8DjVsHw","method":"GET"} []
[2019-07-25 00:06:09] security.DEBUG: Read existing security token from the session. {"key":"_security_main","token_class":"Symfony\\Component\\Security\\Core\\Authentication\\Token\\UsernamePasswordToken"} []
[2019-07-25 00:06:09] security.DEBUG: User was reloaded from a user provider. {"provider":"PrestaShopBundle\\Security\\Admin\\EmployeeProvider","username":"ramaba389@gmail.com"} []
[2019-07-25 00:06:14] app.ERROR: Data from PrestaShop Addons is invalid, and cannot fallback on cache.  {"exception":"cURL error 28: Operation timed out after 5000 milliseconds with 77326 bytes received"} []
[2019-07-25 00:06:14] security.DEBUG: Stored the security token in the session. {"key":"_security_main"} []
[2019-07-25 00:06:15] request.INFO: Matched route "admin_module_notification_count". {"route":"admin_module_notification_count","route_parameters":{"_controller":"PrestaShopBundle\\Controller\\Admin\\Improve\\Modules\\AlertsController::notificationsCountAction","_legacy_controller":"AdminModulesNotifications","_legacy_link":"AdminModulesNotifications:count","_route":"admin_module_notification_count"},"request_uri":"http://localhost/SENSHOP/admin523wv7vhl/index.php/improve/modules/alerts/count?_token=0d5cVBaLt5OSY-UOC6LtGZjiZ0MlNdjWyISf8DjVsHw","method":"GET"} []
[2019-07-25 00:06:15] security.DEBUG: Read existing security token from the session. {"key":"_security_main","token_class":"Symfony\\Component\\Security\\Core\\Authentication\\Token\\UsernamePasswordToken"} []
[2019-07-25 00:06:15] security.DEBUG: User was reloaded from a user provider. {"provider":"PrestaShopBundle\\Security\\Admin\\EmployeeProvider","username":"ramaba389@gmail.com"} []
[2019-07-25 00:06:20] app.ERROR: Data from PrestaShop Addons is invalid, and cannot fallback on cache.  {"exception":"cURL error 28: Operation timed out after 5000 milliseconds with 42654 bytes received"} []
[2019-07-25 00:06:21] security.DEBUG: Stored the security token in the session. {"key":"_security_main"} []
[2019-07-25 00:06:17] request.INFO: Matched route "admin_module_configure_action". {"route":"admin_module_configure_action","route_parameters":{"_controller":"PrestaShopBundle\\Controller\\Admin\\Improve\\ModuleController::configureModuleAction","_legacy_controller":"AdminModules","module_name":"ht_brandlist","_route":"admin_module_configure_action"},"request_uri":"http://localhost/SENSHOP/admin523wv7vhl/index.php/improve/modules/manage/action/configure/ht_brandlist?_token=0d5cVBaLt5OSY-UOC6LtGZjiZ0MlNdjWyISf8DjVsHw","method":"GET"} []
[2019-07-25 00:06:21] security.DEBUG: Read existing security token from the session. {"key":"_security_main","token_class":"Symfony\\Component\\Security\\Core\\Authentication\\Token\\UsernamePasswordToken"} []
[2019-07-25 00:06:21] security.DEBUG: User was reloaded from a user provider. {"provider":"PrestaShopBundle\\Security\\Admin\\EmployeeProvider","username":"ramaba389@gmail.com"} []
[2019-07-25 00:06:26] app.ERROR: Data from PrestaShop Addons is invalid, and cannot fallback on cache.  {"exception":"cURL error 28: Operation timed out after 5001 milliseconds with 6454 bytes received"} []
[2019-07-25 00:06:26] security.DEBUG: Stored the security token in the session. {"key":"_security_main"} []
[2019-07-25 00:11:42] request.INFO: Matched route "admin_module_manage". {"route":"admin_module_manage","route_parameters":{"category":null,"keyword":null,"_controller":"PrestaShopBundle\\Controller\\Admin\\Improve\\ModuleController::manageAction","_legacy_controller":"AdminModulesManage","_legacy_link":["AdminModulesManage","AdminModulesSf"],"_route":"admin_module_manage"},"request_uri":"http://localhost/SENSHOP/admin523wv7vhl/index.php/improve/modules/manage?_token=0d5cVBaLt5OSY-UOC6LtGZjiZ0MlNdjWyISf8DjVsHw","method":"GET"} []
[2019-07-25 00:11:42] security.DEBUG: Read existing security token from the session. {"key":"_security_main","token_class":"Symfony\\Component\\Security\\Core\\Authentication\\Token\\UsernamePasswordToken"} []
[2019-07-25 00:11:42] security.DEBUG: User was reloaded from a user provider. {"provider":"PrestaShopBundle\\Security\\Admin\\EmployeeProvider","username":"ramaba389@gmail.com"} []
[2019-07-25 00:11:44] app.ERROR: Data from PrestaShop Addons is invalid, and cannot fallback on cache.  {"exception":"cURL error 6: Could not resolve host: api-addons.prestashop.com"} []
[2019-07-25 00:11:44] security.DEBUG: Stored the security token in the session. {"key":"_security_main"} []
[2019-07-25 00:11:50] app.ERROR: Data from PrestaShop Addons is invalid, and cannot fallback on cache.  {"exception":"cURL error 28: Operation timed out after 5000 milliseconds with 28174 bytes received"} []
[2019-07-25 00:16:02] request.INFO: Matched route "admin_module_manage_action". {"route":"admin_module_manage_action","route_parameters":{"_controller":"PrestaShopBundle\\Controller\\Admin\\Improve\\ModuleController::moduleAction","action":"install","module_name":"statsbestmanufacturers","_route":"admin_module_manage_action"},"request_uri":"http://localhost/SENSHOP/admin523wv7vhl/index.php/improve/modules/manage/action/install/statsbestmanufacturers?_token=0d5cVBaLt5OSY-UOC6LtGZjiZ0MlNdjWyISf8DjVsHw","method":"POST"} []
[2019-07-25 00:16:02] security.DEBUG: Read existing security token from the session. {"key":"_security_main","token_class":"Symfony\\Component\\Security\\Core\\Authentication\\Token\\UsernamePasswordToken"} []
[2019-07-25 00:16:02] security.DEBUG: User was reloaded from a user provider. {"provider":"PrestaShopBundle\\Security\\Admin\\EmployeeProvider","username":"ramaba389@gmail.com"} []
[2019-07-25 00:16:07] app.ERROR: Data from PrestaShop Addons is invalid, and cannot fallback on cache.  {"exception":"cURL error 28: Operation timed out after 5000 milliseconds with 0 bytes received"} []
[2019-07-25 00:16:10] security.DEBUG: Stored the security token in the session. {"key":"_security_main"} []
[2019-07-25 00:16:24] request.INFO: Matched route "admin_module_manage_action". {"route":"admin_module_manage_action","route_parameters":{"_controller":"PrestaShopBundle\\Controller\\Admin\\Improve\\ModuleController::moduleAction","action":"install","module_name":"ps_legalcompliance","_route":"admin_module_manage_action"},"request_uri":"http://localhost/SENSHOP/admin523wv7vhl/index.php/improve/modules/manage/action/install/ps_legalcompliance?_token=0d5cVBaLt5OSY-UOC6LtGZjiZ0MlNdjWyISf8DjVsHw","method":"POST"} []
[2019-07-25 00:16:24] security.DEBUG: Read existing security token from the session. {"key":"_security_main","token_class":"Symfony\\Component\\Security\\Core\\Authentication\\Token\\UsernamePasswordToken"} []
[2019-07-25 00:16:24] security.DEBUG: User was reloaded from a user provider. {"provider":"PrestaShopBundle\\Security\\Admin\\EmployeeProvider","username":"ramaba389@gmail.com"} []
[2019-07-25 00:16:29] app.ERROR: Data from PrestaShop Addons is invalid, and cannot fallback on cache.  {"exception":"cURL error 28: Operation timed out after 5000 milliseconds with 0 bytes received"} []
[2019-07-25 00:16:42] security.DEBUG: Stored the security token in the session. {"key":"_security_main"} []
[2019-07-25 00:17:07] request.INFO: Matched route "admin_module_configure_action". {"route":"admin_module_configure_action","route_parameters":{"_controller":"PrestaShopBundle\\Controller\\Admin\\Improve\\ModuleController::configureModuleAction","_legacy_controller":"AdminModules","module_name":"ps_legalcompliance","_route":"admin_module_configure_action"},"request_uri":"http://localhost/SENSHOP/admin523wv7vhl/index.php/improve/modules/manage/action/configure/ps_legalcompliance?_token=0d5cVBaLt5OSY-UOC6LtGZjiZ0MlNdjWyISf8DjVsHw","method":"GET"} []
[2019-07-25 00:17:07] security.DEBUG: Read existing security token from the session. {"key":"_security_main","token_class":"Symfony\\Component\\Security\\Core\\Authentication\\Token\\UsernamePasswordToken"} []
[2019-07-25 00:17:07] security.DEBUG: User was reloaded from a user provider. {"provider":"PrestaShopBundle\\Security\\Admin\\EmployeeProvider","username":"ramaba389@gmail.com"} []
[2019-07-25 00:17:12] app.ERROR: Data from PrestaShop Addons is invalid, and cannot fallback on cache.  {"exception":"cURL error 28: Operation timed out after 5000 milliseconds with 0 bytes received"} []
[2019-07-25 00:17:12] security.DEBUG: Stored the security token in the session. {"key":"_security_main"} []
[2019-07-25 00:20:02] app.ERROR: Data from PrestaShop Addons is invalid, and cannot fallback on cache.  {"exception":"cURL error 28: Connection timed out after 5000 milliseconds"} []
[2019-07-25 00:22:19] app.ERROR: Data from PrestaShop Addons is invalid, and cannot fallback on cache.  {"exception":"cURL error 28: Operation timed out after 5000 milliseconds with 0 out of 0 bytes received"} []
[2019-07-25 00:24:01] request.INFO: Matched route "admin_module_manage". {"route":"admin_module_manage","route_parameters":{"category":null,"keyword":null,"_controller":"PrestaShopBundle\\Controller\\Admin\\Improve\\ModuleController::manageAction","_legacy_controller":"AdminModulesManage","_legacy_link":["AdminModulesManage","AdminModulesSf"],"_route":"admin_module_manage"},"request_uri":"http://localhost/SENSHOP/admin523wv7vhl/index.php/improve/modules/manage?_token=0d5cVBaLt5OSY-UOC6LtGZjiZ0MlNdjWyISf8DjVsHw","method":"GET"} []
[2019-07-25 00:24:01] security.DEBUG: Read existing security token from the session. {"key":"_security_main","token_class":"Symfony\\Component\\Security\\Core\\Authentication\\Token\\UsernamePasswordToken"} []
[2019-07-25 00:24:01] security.DEBUG: User was reloaded from a user provider. {"provider":"PrestaShopBundle\\Security\\Admin\\EmployeeProvider","username":"ramaba389@gmail.com"} []
[2019-07-25 00:24:06] app.ERROR: Data from PrestaShop Addons is invalid, and cannot fallback on cache.  {"exception":"cURL error 28: Operation timed out after 5000 milliseconds with 30078 bytes received"} []
[2019-07-25 00:24:07] security.DEBUG: Stored the security token in the session. {"key":"_security_main"} []
[2019-07-25 00:24:07] request.INFO: Matched route "admin_module_notification_count". {"route":"admin_module_notification_count","route_parameters":{"_controller":"PrestaShopBundle\\Controller\\Admin\\Improve\\Modules\\AlertsController::notificationsCountAction","_legacy_controller":"AdminModulesNotifications","_legacy_link":"AdminModulesNotifications:count","_route":"admin_module_notification_count"},"request_uri":"http://localhost/SENSHOP/admin523wv7vhl/index.php/improve/modules/alerts/count?_token=0d5cVBaLt5OSY-UOC6LtGZjiZ0MlNdjWyISf8DjVsHw","method":"GET"} []
[2019-07-25 00:24:07] security.DEBUG: Read existing security token from the session. {"key":"_security_main","token_class":"Symfony\\Component\\Security\\Core\\Authentication\\Token\\UsernamePasswordToken"} []
[2019-07-25 00:24:07] security.DEBUG: User was reloaded from a user provider. {"provider":"PrestaShopBundle\\Security\\Admin\\EmployeeProvider","username":"ramaba389@gmail.com"} []
[2019-07-25 00:24:13] app.ERROR: Data from PrestaShop Addons is invalid, and cannot fallback on cache.  {"exception":"cURL error 28: Operation timed out after 5000 milliseconds with 158085 bytes received"} []
[2019-07-25 00:24:13] security.DEBUG: Stored the security token in the session. {"key":"_security_main"} []
[2019-07-25 00:24:15] request.INFO: Matched route "admin_module_configure_action". {"route":"admin_module_configure_action","route_parameters":{"_controller":"PrestaShopBundle\\Controller\\Admin\\Improve\\ModuleController::configureModuleAction","_legacy_controller":"AdminModules","module_name":"ht_staticblocks","_route":"admin_module_configure_action"},"request_uri":"http://localhost/SENSHOP/admin523wv7vhl/index.php/improve/modules/manage/action/configure/ht_staticblocks?_token=0d5cVBaLt5OSY-UOC6LtGZjiZ0MlNdjWyISf8DjVsHw","method":"GET"} []
[2019-07-25 00:24:15] security.DEBUG: Read existing security token from the session. {"key":"_security_main","token_class":"Symfony\\Component\\Security\\Core\\Authentication\\Token\\UsernamePasswordToken"} []
[2019-07-25 00:24:15] security.DEBUG: User was reloaded from a user provider. {"provider":"PrestaShopBundle\\Security\\Admin\\EmployeeProvider","username":"ramaba389@gmail.com"} []
[2019-07-25 00:24:20] app.ERROR: Data from PrestaShop Addons is invalid, and cannot fallback on cache.  {"exception":"cURL error 28: Operation timed out after 5000 milliseconds with 158085 bytes received"} []
[2019-07-25 00:24:21] security.DEBUG: Stored the security token in the session. {"key":"_security_main"} []
[2019-07-25 01:53:23] request.INFO: Matched route "admin_module_manage". {"route":"admin_module_manage","route_parameters":{"category":null,"keyword":null,"_controller":"PrestaShopBundle\\Controller\\Admin\\Improve\\ModuleController::manageAction","_legacy_controller":"AdminModulesManage","_legacy_link":["AdminModulesManage","AdminModulesSf"],"_route":"admin_module_manage"},"request_uri":"http://localhost/SENSHOP/admin523wv7vhl/index.php/improve/modules/manage?_token=8s_YC84jhqAGmjZVNQiXtZ5Uu9zGWq0sgveerkMoYCQ","method":"GET"} []
[2019-07-25 01:53:23] security.DEBUG: Read existing security token from the session. {"key":"_security_main","token_class":"Symfony\\Component\\Security\\Core\\Authentication\\Token\\UsernamePasswordToken"} []
[2019-07-25 01:53:23] security.DEBUG: User was reloaded from a user provider. {"provider":"PrestaShopBundle\\Security\\Admin\\EmployeeProvider","username":"ramaba389@gmail.com"} []
[2019-07-25 01:53:28] app.ERROR: Data from PrestaShop Addons is invalid, and cannot fallback on cache.  {"exception":"cURL error 28: Operation timed out after 5000 milliseconds with 238477 bytes received"} []
[2019-07-25 01:53:29] security.DEBUG: Stored the security token in the session. {"key":"_security_main"} []
[2019-07-25 01:53:31] request.INFO: Matched route "admin_module_notification_count". {"route":"admin_module_notification_count","route_parameters":{"_controller":"PrestaShopBundle\\Controller\\Admin\\Improve\\Modules\\AlertsController::notificationsCountAction","_legacy_controller":"AdminModulesNotifications","_legacy_link":"AdminModulesNotifications:count","_route":"admin_module_notification_count"},"request_uri":"http://localhost/SENSHOP/admin523wv7vhl/index.php/improve/modules/alerts/count?_token=8s_YC84jhqAGmjZVNQiXtZ5Uu9zGWq0sgveerkMoYCQ","method":"GET"} []
[2019-07-25 01:53:31] security.DEBUG: Read existing security token from the session. {"key":"_security_main","token_class":"Symfony\\Component\\Security\\Core\\Authentication\\Token\\UsernamePasswordToken"} []
[2019-07-25 01:53:31] security.DEBUG: User was reloaded from a user provider. {"provider":"PrestaShopBundle\\Security\\Admin\\EmployeeProvider","username":"ramaba389@gmail.com"} []
[2019-07-25 01:53:37] app.ERROR: Data from PrestaShop Addons is invalid, and cannot fallback on cache.  {"exception":"cURL error 28: Operation timed out after 5000 milliseconds with 144221 bytes received"} []
[2019-07-25 01:53:37] security.DEBUG: Stored the security token in the session. {"key":"_security_main"} []
[2019-07-25 01:53:35] request.INFO: Matched route "admin_module_updates". {"route":"admin_module_updates","route_parameters":{"_controller":"PrestaShopBundle\\Controller\\Admin\\Improve\\Modules\\UpdatesController::indexAction","_legacy_controller":"AdminModulesUpdates","_legacy_link":"AdminModulesUpdates","_route":"admin_module_updates"},"request_uri":"http://localhost/SENSHOP/admin523wv7vhl/index.php/improve/modules/updates?_token=8s_YC84jhqAGmjZVNQiXtZ5Uu9zGWq0sgveerkMoYCQ","method":"GET"} []
[2019-07-25 01:53:37] security.DEBUG: Read existing security token from the session. {"key":"_security_main","token_class":"Symfony\\Component\\Security\\Core\\Authentication\\Token\\UsernamePasswordToken"} []
[2019-07-25 01:53:37] security.DEBUG: User was reloaded from a user provider. {"provider":"PrestaShopBundle\\Security\\Admin\\EmployeeProvider","username":"ramaba389@gmail.com"} []
[2019-07-25 01:53:42] app.ERROR: Data from PrestaShop Addons is invalid, and cannot fallback on cache.  {"exception":"cURL error 28: Operation timed out after 5000 milliseconds with 77326 bytes received"} []
[2019-07-25 01:53:42] security.DEBUG: Stored the security token in the session. {"key":"_security_main"} []
[2019-07-25 01:53:43] request.INFO: Matched route "admin_module_notification_count". {"route":"admin_module_notification_count","route_parameters":{"_controller":"PrestaShopBundle\\Controller\\Admin\\Improve\\Modules\\AlertsController::notificationsCountAction","_legacy_controller":"AdminModulesNotifications","_legacy_link":"AdminModulesNotifications:count","_route":"admin_module_notification_count"},"request_uri":"http://localhost/SENSHOP/admin523wv7vhl/index.php/improve/modules/alerts/count?_token=8s_YC84jhqAGmjZVNQiXtZ5Uu9zGWq0sgveerkMoYCQ","method":"GET"} []
[2019-07-25 01:53:43] security.DEBUG: Read existing security token from the session. {"key":"_security_main","token_class":"Symfony\\Component\\Security\\Core\\Authentication\\Token\\UsernamePasswordToken"} []
[2019-07-25 01:53:43] security.DEBUG: User was reloaded from a user provider. {"provider":"PrestaShopBundle\\Security\\Admin\\EmployeeProvider","username":"ramaba389@gmail.com"} []
[2019-07-25 01:53:48] app.ERROR: Data from PrestaShop Addons is invalid, and cannot fallback on cache.  {"exception":"cURL error 28: Operation timed out after 5000 milliseconds with 174469 bytes received"} []
[2019-07-25 01:53:48] security.DEBUG: Stored the security token in the session. {"key":"_security_main"} []
[2019-07-25 01:53:45] request.INFO: Matched route "admin_module_notification". {"route":"admin_module_notification","route_parameters":{"_controller":"PrestaShopBundle\\Controller\\Admin\\Improve\\Modules\\AlertsController::indexAction","_legacy_controller":"AdminModulesNotifications","_legacy_link":"AdminModulesNotifications","_route":"admin_module_notification"},"request_uri":"http://localhost/SENSHOP/admin523wv7vhl/index.php/improve/modules/alerts?_token=8s_YC84jhqAGmjZVNQiXtZ5Uu9zGWq0sgveerkMoYCQ","method":"GET"} []
[2019-07-25 01:53:48] security.DEBUG: Read existing security token from the session. {"key":"_security_main","token_class":"Symfony\\Component\\Security\\Core\\Authentication\\Token\\UsernamePasswordToken"} []
[2019-07-25 01:53:48] security.DEBUG: User was reloaded from a user provider. {"provider":"PrestaShopBundle\\Security\\Admin\\EmployeeProvider","username":"ramaba389@gmail.com"} []
[2019-07-25 01:53:53] app.ERROR: Data from PrestaShop Addons is invalid, and cannot fallback on cache.  {"exception":"cURL error 28: Operation timed out after 5000 milliseconds with 254861 bytes received"} []
[2019-07-25 01:53:53] security.DEBUG: Stored the security token in the session. {"key":"_security_main"} []
[2019-07-25 01:53:46] request.INFO: Matched route "admin_module_manage". {"route":"admin_module_manage","route_parameters":{"category":null,"keyword":null,"_controller":"PrestaShopBundle\\Controller\\Admin\\Improve\\ModuleController::manageAction","_legacy_controller":"AdminModulesManage","_legacy_link":["AdminModulesManage","AdminModulesSf"],"_route":"admin_module_manage"},"request_uri":"http://localhost/SENSHOP/admin523wv7vhl/index.php/improve/modules/manage?_token=8s_YC84jhqAGmjZVNQiXtZ5Uu9zGWq0sgveerkMoYCQ","method":"GET"} []
[2019-07-25 01:53:53] security.DEBUG: Read existing security token from the session. {"key":"_security_main","token_class":"Symfony\\Component\\Security\\Core\\Authentication\\Token\\UsernamePasswordToken"} []
[2019-07-25 01:53:53] security.DEBUG: User was reloaded from a user provider. {"provider":"PrestaShopBundle\\Security\\Admin\\EmployeeProvider","username":"ramaba389@gmail.com"} []
[2019-07-25 01:53:59] app.ERROR: Data from PrestaShop Addons is invalid, and cannot fallback on cache.  {"exception":"cURL error 28: Operation timed out after 5000 milliseconds with 158085 bytes received"} []
[2019-07-25 01:53:59] security.DEBUG: Stored the security token in the session. {"key":"_security_main"} []
[2019-07-25 01:54:06] request.INFO: Matched route "admin_module_notification_count". {"route":"admin_module_notification_count","route_parameters":{"_controller":"PrestaShopBundle\\Controller\\Admin\\Improve\\Modules\\AlertsController::notificationsCountAction","_legacy_controller":"AdminModulesNotifications","_legacy_link":"AdminModulesNotifications:count","_route":"admin_module_notification_count"},"request_uri":"http://localhost/SENSHOP/admin523wv7vhl/index.php/improve/modules/alerts/count?_token=8s_YC84jhqAGmjZVNQiXtZ5Uu9zGWq0sgveerkMoYCQ","method":"GET"} []
[2019-07-25 01:54:06] security.DEBUG: Read existing security token from the session. {"key":"_security_main","token_class":"Symfony\\Component\\Security\\Core\\Authentication\\Token\\UsernamePasswordToken"} []
[2019-07-25 01:54:06] security.DEBUG: User was reloaded from a user provider. {"provider":"PrestaShopBundle\\Security\\Admin\\EmployeeProvider","username":"ramaba389@gmail.com"} []
[2019-07-25 01:54:11] app.ERROR: Data from PrestaShop Addons is invalid, and cannot fallback on cache.  {"exception":"cURL error 28: Operation timed out after 5000 milliseconds with 126854 bytes received"} []
[2019-07-25 01:54:11] security.DEBUG: Stored the security token in the session. {"key":"_security_main"} []
[2019-07-25 01:54:43] request.INFO: Matched route "admin_module_configure_action". {"route":"admin_module_configure_action","route_parameters":{"_controller":"PrestaShopBundle\\Controller\\Admin\\Improve\\ModuleController::configureModuleAction","_legacy_controller":"AdminModules","module_name":"ps_facetedsearch","_route":"admin_module_configure_action"},"request_uri":"http://localhost/SENSHOP/admin523wv7vhl/index.php/improve/modules/manage/action/configure/ps_facetedsearch?_token=8s_YC84jhqAGmjZVNQiXtZ5Uu9zGWq0sgveerkMoYCQ","method":"GET"} []
[2019-07-25 01:54:43] security.DEBUG: Read existing security token from the session. {"key":"_security_main","token_class":"Symfony\\Component\\Security\\Core\\Authentication\\Token\\UsernamePasswordToken"} []
[2019-07-25 01:54:43] security.DEBUG: User was reloaded from a user provider. {"provider":"PrestaShopBundle\\Security\\Admin\\EmployeeProvider","username":"ramaba389@gmail.com"} []
[2019-07-25 01:54:48] app.ERROR: Data from PrestaShop Addons is invalid, and cannot fallback on cache.  {"exception":"cURL error 28: Operation timed out after 5000 milliseconds with 141701 bytes received"} []
[2019-07-25 01:54:48] security.DEBUG: Stored the security token in the session. {"key":"_security_main"} []
[2019-07-25 02:15:14] request.INFO: Matched route "admin_module_manage". {"route":"admin_module_manage","route_parameters":{"category":null,"keyword":null,"_controller":"PrestaShopBundle\\Controller\\Admin\\Improve\\ModuleController::manageAction","_legacy_controller":"AdminModulesManage","_legacy_link":["AdminModulesManage","AdminModulesSf"],"_route":"admin_module_manage"},"request_uri":"http://localhost/SENSHOP/admin523wv7vhl/index.php/improve/modules/manage?_token=8s_YC84jhqAGmjZVNQiXtZ5Uu9zGWq0sgveerkMoYCQ","method":"GET"} []
[2019-07-25 02:15:14] security.DEBUG: Read existing security token from the session. {"key":"_security_main","token_class":"Symfony\\Component\\Security\\Core\\Authentication\\Token\\UsernamePasswordToken"} []
[2019-07-25 02:15:14] security.DEBUG: User was reloaded from a user provider. {"provider":"PrestaShopBundle\\Security\\Admin\\EmployeeProvider","username":"ramaba389@gmail.com"} []
[2019-07-25 02:15:19] app.ERROR: Data from PrestaShop Addons is invalid, and cannot fallback on cache.  {"exception":"cURL error 28: Operation timed out after 5000 milliseconds with 238477 bytes received"} []
[2019-07-25 02:15:20] security.DEBUG: Stored the security token in the session. {"key":"_security_main"} []
[2019-07-25 02:15:25] app.ERROR: Data from PrestaShop Addons is invalid, and cannot fallback on cache.  {"exception":"cURL error 28: Operation timed out after 5000 milliseconds with 190853 bytes received"} []
[2019-07-25 02:15:37] request.INFO: Matched route "admin_module_manage". {"route":"admin_module_manage","route_parameters":{"category":null,"keyword":null,"_controller":"PrestaShopBundle\\Controller\\Admin\\Improve\\ModuleController::manageAction","_legacy_controller":"AdminModulesManage","_legacy_link":["AdminModulesManage","AdminModulesSf"],"_route":"admin_module_manage"},"request_uri":"http://localhost/SENSHOP/admin523wv7vhl/index.php/improve/modules/manage?_token=8s_YC84jhqAGmjZVNQiXtZ5Uu9zGWq0sgveerkMoYCQ","method":"GET"} []
[2019-07-25 02:15:37] security.DEBUG: Read existing security token from the session. {"key":"_security_main","token_class":"Symfony\\Component\\Security\\Core\\Authentication\\Token\\UsernamePasswordToken"} []
[2019-07-25 02:15:37] security.DEBUG: User was reloaded from a user provider. {"provider":"PrestaShopBundle\\Security\\Admin\\EmployeeProvider","username":"ramaba389@gmail.com"} []
[2019-07-25 02:15:42] app.ERROR: Data from PrestaShop Addons is invalid, and cannot fallback on cache.  {"exception":"cURL error 28: Operation timed out after 5000 milliseconds with 286101 bytes received"} []
[2019-07-25 02:15:42] security.DEBUG: Stored the security token in the session. {"key":"_security_main"} []
[2019-07-25 09:21:49] request.INFO: Matched route "admin_module_manage". {"route":"admin_module_manage","route_parameters":{"category":null,"keyword":null,"_controller":"PrestaShopBundle\\Controller\\Admin\\Improve\\ModuleController::manageAction","_legacy_controller":"AdminModulesManage","_legacy_link":["AdminModulesManage","AdminModulesSf"],"_route":"admin_module_manage"},"request_uri":"http://localhost/SENSHOP/admin523wv7vhl/index.php/improve/modules/manage?_token=5_l15gaHyA3Igo2Y_OuoJt-XckQgKFriJ3YhFTAa2aI","method":"GET"} []
[2019-07-25 09:21:49] security.DEBUG: Read existing security token from the session. {"key":"_security_main","token_class":"Symfony\\Component\\Security\\Core\\Authentication\\Token\\UsernamePasswordToken"} []
[2019-07-25 09:21:49] security.DEBUG: User was reloaded from a user provider. {"provider":"PrestaShopBundle\\Security\\Admin\\EmployeeProvider","username":"ramaba389@gmail.com"} []
[2019-07-25 09:21:54] app.ERROR: Data from PrestaShop Addons is invalid, and cannot fallback on cache.  {"exception":"cURL error 28: Operation timed out after 5000 milliseconds with 0 out of 0 bytes received"} []
[2019-07-25 09:21:55] security.DEBUG: Stored the security token in the session. {"key":"_security_main"} []
[2019-07-25 12:03:06] request.INFO: Matched route "admin_module_manage". {"route":"admin_module_manage","route_parameters":{"category":null,"keyword":null,"_controller":"PrestaShopBundle\\Controller\\Admin\\Improve\\ModuleController::manageAction","_legacy_controller":"AdminModulesManage","_legacy_link":["AdminModulesManage","AdminModulesSf"],"_route":"admin_module_manage"},"request_uri":"http://localhost/SENSHOP/admin523wv7vhl/index.php/improve/modules/manage?_token=06OR2_KnXQHknORfMEr2J53IfVmFPfEpFt44Z8utvio","method":"GET"} []
[2019-07-25 12:03:06] security.DEBUG: Read existing security token from the session. {"key":"_security_main","token_class":"Symfony\\Component\\Security\\Core\\Authentication\\Token\\UsernamePasswordToken"} []
[2019-07-25 12:03:06] security.DEBUG: User was reloaded from a user provider. {"provider":"PrestaShopBundle\\Security\\Admin\\EmployeeProvider","username":"ramaba389@gmail.com"} []
[2019-07-25 12:03:07] app.ERROR: Data from PrestaShop Addons is invalid, and cannot fallback on cache.  {"exception":"cURL error 6: Could not resolve host: api-addons.prestashop.com"} []
[2019-07-25 12:03:08] security.DEBUG: Stored the security token in the session. {"key":"_security_main"} []
[2019-07-25 12:03:09] request.INFO: Matched route "admin_module_notification_count". {"route":"admin_module_notification_count","route_parameters":{"_controller":"PrestaShopBundle\\Controller\\Admin\\Improve\\Modules\\AlertsController::notificationsCountAction","_legacy_controller":"AdminModulesNotifications","_legacy_link":"AdminModulesNotifications:count","_route":"admin_module_notification_count"},"request_uri":"http://localhost/SENSHOP/admin523wv7vhl/index.php/improve/modules/alerts/count?_token=06OR2_KnXQHknORfMEr2J53IfVmFPfEpFt44Z8utvio","method":"GET"} []
[2019-07-25 12:03:09] security.DEBUG: Read existing security token from the session. {"key":"_security_main","token_class":"Symfony\\Component\\Security\\Core\\Authentication\\Token\\UsernamePasswordToken"} []
[2019-07-25 12:03:09] security.DEBUG: User was reloaded from a user provider. {"provider":"PrestaShopBundle\\Security\\Admin\\EmployeeProvider","username":"ramaba389@gmail.com"} []
[2019-07-25 12:03:09] app.ERROR: Data from PrestaShop Addons is invalid, and cannot fallback on cache.  {"exception":"cURL error 6: Could not resolve host: api-addons.prestashop.com"} []
[2019-07-25 12:03:10] security.DEBUG: Stored the security token in the session. {"key":"_security_main"} []
[2019-07-25 12:03:17] request.INFO: Matched route "admin_module_configure_action". {"route":"admin_module_configure_action","route_parameters":{"_controller":"PrestaShopBundle\\Controller\\Admin\\Improve\\ModuleController::configureModuleAction","_legacy_controller":"AdminModules","module_name":"ht_staticblocks","_route":"admin_module_configure_action"},"request_uri":"http://localhost/SENSHOP/admin523wv7vhl/index.php/improve/modules/manage/action/configure/ht_staticblocks?_token=06OR2_KnXQHknORfMEr2J53IfVmFPfEpFt44Z8utvio","method":"GET"} []
[2019-07-25 12:03:17] security.DEBUG: Read existing security token from the session. {"key":"_security_main","token_class":"Symfony\\Component\\Security\\Core\\Authentication\\Token\\UsernamePasswordToken"} []
[2019-07-25 12:03:17] security.DEBUG: User was reloaded from a user provider. {"provider":"PrestaShopBundle\\Security\\Admin\\EmployeeProvider","username":"ramaba389@gmail.com"} []
[2019-07-25 12:03:17] app.ERROR: Data from PrestaShop Addons is invalid, and cannot fallback on cache.  {"exception":"cURL error 6: Could not resolve host: api-addons.prestashop.com"} []
[2019-07-25 12:03:17] security.DEBUG: Stored the security token in the session. {"key":"_security_main"} []
[2019-07-25 12:10:42] request.INFO: Matched route "admin_module_manage". {"route":"admin_module_manage","route_parameters":{"category":null,"keyword":null,"_controller":"PrestaShopBundle\\Controller\\Admin\\Improve\\ModuleController::manageAction","_legacy_controller":"AdminModulesManage","_legacy_link":["AdminModulesManage","AdminModulesSf"],"_route":"admin_module_manage"},"request_uri":"http://localhost/SENSHOP/admin523wv7vhl/index.php/improve/modules/manage?_token=obypTe68DSytJdEV0tu6NRFeR_OnjU6dlEu6lnscbjE","method":"GET"} []
[2019-07-25 12:10:42] security.DEBUG: Read existing security token from the session. {"key":"_security_main","token_class":"Symfony\\Component\\Security\\Core\\Authentication\\Token\\UsernamePasswordToken"} []
[2019-07-25 12:10:42] security.DEBUG: User was reloaded from a user provider. {"provider":"PrestaShopBundle\\Security\\Admin\\EmployeeProvider","username":"ramaba389@gmail.com"} []
[2019-07-25 12:10:44] app.ERROR: Data from PrestaShop Addons is invalid, and cannot fallback on cache.  {"exception":"cURL error 6: Could not resolve host: api-addons.prestashop.com"} []
[2019-07-25 12:10:50] security.DEBUG: Stored the security token in the session. {"key":"_security_main"} []
[2019-07-25 12:10:51] request.INFO: Matched route "admin_module_notification_count". {"route":"admin_module_notification_count","route_parameters":{"_controller":"PrestaShopBundle\\Controller\\Admin\\Improve\\Modules\\AlertsController::notificationsCountAction","_legacy_controller":"AdminModulesNotifications","_legacy_link":"AdminModulesNotifications:count","_route":"admin_module_notification_count"},"request_uri":"http://localhost/SENSHOP/admin523wv7vhl/index.php/improve/modules/alerts/count?_token=obypTe68DSytJdEV0tu6NRFeR_OnjU6dlEu6lnscbjE","method":"GET"} []
[2019-07-25 12:10:52] security.DEBUG: Read existing security token from the session. {"key":"_security_main","token_class":"Symfony\\Component\\Security\\Core\\Authentication\\Token\\UsernamePasswordToken"} []
[2019-07-25 12:10:52] security.DEBUG: User was reloaded from a user provider. {"provider":"PrestaShopBundle\\Security\\Admin\\EmployeeProvider","username":"ramaba389@gmail.com"} []
[2019-07-25 12:10:53] app.ERROR: Data from PrestaShop Addons is invalid, and cannot fallback on cache.  {"exception":"cURL error 6: Could not resolve host: api-addons.prestashop.com"} []
[2019-07-25 12:10:54] security.DEBUG: Stored the security token in the session. {"key":"_security_main"} []
[2019-07-25 12:11:40] request.INFO: Matched route "admin_module_configure_action". {"route":"admin_module_configure_action","route_parameters":{"_controller":"PrestaShopBundle\\Controller\\Admin\\Improve\\ModuleController::configureModuleAction","_legacy_controller":"AdminModules","module_name":"ht_staticblocks","_route":"admin_module_configure_action"},"request_uri":"http://localhost/SENSHOP/admin523wv7vhl/index.php/improve/modules/manage/action/configure/ht_staticblocks?_token=obypTe68DSytJdEV0tu6NRFeR_OnjU6dlEu6lnscbjE","method":"GET"} []
[2019-07-25 12:11:40] security.DEBUG: Read existing security token from the session. {"key":"_security_main","token_class":"Symfony\\Component\\Security\\Core\\Authentication\\Token\\UsernamePasswordToken"} []
[2019-07-25 12:11:40] security.DEBUG: User was reloaded from a user provider. {"provider":"PrestaShopBundle\\Security\\Admin\\EmployeeProvider","username":"ramaba389@gmail.com"} []
[2019-07-25 12:11:41] app.ERROR: Data from PrestaShop Addons is invalid, and cannot fallback on cache.  {"exception":"cURL error 6: Could not resolve host: api-addons.prestashop.com"} []
[2019-07-25 12:11:42] security.DEBUG: Stored the security token in the session. {"key":"_security_main"} []
[2019-07-25 13:21:42] request.INFO: Matched route "admin_clear_cache". {"route":"admin_clear_cache","route_parameters":{"_controller":"PrestaShopBundle\\Controller\\Admin\\Configure\\AdvancedParameters\\PerformanceController::clearCacheAction","_legacy_controller":"AdminPerformance","_legacy_link":"AdminPerformance:empty_smarty_cache","_route":"admin_clear_cache"},"request_uri":"http://localhost/SENSHOP/admin523wv7vhl/index.php/configure/advanced/performance/clear-cache?_token=wr4OOGp2bpKUUQ1AiER15CsFaB_Jizjn41gwDLIoUYc","method":"GET"} []
[2019-07-25 13:21:42] security.DEBUG: Read existing security token from the session. {"key":"_security_main","token_class":"Symfony\\Component\\Security\\Core\\Authentication\\Token\\UsernamePasswordToken"} []
[2019-07-25 13:21:42] security.DEBUG: User was reloaded from a user provider. {"provider":"PrestaShopBundle\\Security\\Admin\\EmployeeProvider","username":"ramaba389@gmail.com"} []
[2019-07-25 13:21:49] request.CRITICAL: Uncaught PHP Exception Symfony\Component\Debug\Exception\FatalErrorException: "Compile Error: require(): Failed opening required '/var/www/html/SENSHOP/var/cache/prod/ContainerTt8ehj6/getPrestashop_Translation_DatabaseLoaderService.php' (include_path='/var/www/html/SENSHOP/vendor/pear/pear_exception:/var/www/html/SENSHOP/vendor/pear/console_getopt:/var/www/html/SENSHOP/vendor/pear/pear-core-minimal/src:/var/www/html/SENSHOP/vendor/pear/archive_tar:.:/usr/share/php')" at /var/www/html/SENSHOP/var/cache/prod/ContainerTt8ehj6/appProdProjectContainer.php line 1633 {"exception":"[object] (Symfony\\Component\\Debug\\Exception\\FatalErrorException(code: 0): Compile Error: require(): Failed opening required '/var/www/html/SENSHOP/var/cache/prod/ContainerTt8ehj6/getPrestashop_Translation_DatabaseLoaderService.php' (include_path='/var/www/html/SENSHOP/vendor/pear/pear_exception:/var/www/html/SENSHOP/vendor/pear/console_getopt:/var/www/html/SENSHOP/vendor/pear/pear-core-minimal/src:/var/www/html/SENSHOP/vendor/pear/archive_tar:.:/usr/share/php') at /var/www/html/SENSHOP/var/cache/prod/ContainerTt8ehj6/appProdProjectContainer.php:1633)"} []
[2019-07-27 14:24:18] request.INFO: Matched route "admin_module_manage". {"route":"admin_module_manage","route_parameters":{"category":null,"keyword":null,"_controller":"PrestaShopBundle\\Controller\\Admin\\Improve\\ModuleController::manageAction","_legacy_controller":"AdminModulesManage","_legacy_link":["AdminModulesManage","AdminModulesSf"],"_route":"admin_module_manage"},"request_uri":"http://localhost/SENSHOP/admin523wv7vhl/index.php/improve/modules/manage?_token=Ivwoi3ZUDRjOmRQCkNoyzTaUUAjiCfvUe9gJtgBThtE","method":"GET"} []
[2019-07-27 14:24:18] security.DEBUG: Read existing security token from the session. {"key":"_security_main","token_class":"Symfony\\Component\\Security\\Core\\Authentication\\Token\\UsernamePasswordToken"} []
[2019-07-27 14:24:18] security.DEBUG: User was reloaded from a user provider. {"provider":"PrestaShopBundle\\Security\\Admin\\EmployeeProvider","username":"ramaba389@gmail.com"} []
[2019-07-27 14:24:18] app.ERROR: Data from PrestaShop Addons is invalid, and cannot fallback on cache.  {"exception":"cURL error 6: Could not resolve host: api-addons.prestashop.com"} []
[2019-07-27 14:24:20] security.DEBUG: Stored the security token in the session. {"key":"_security_main"} []
[2019-07-27 14:24:21] request.INFO: Matched route "admin_module_notification_count". {"route":"admin_module_notification_count","route_parameters":{"_controller":"PrestaShopBundle\\Controller\\Admin\\Improve\\Modules\\AlertsController::notificationsCountAction","_legacy_controller":"AdminModulesNotifications","_legacy_link":"AdminModulesNotifications:count","_route":"admin_module_notification_count"},"request_uri":"http://localhost/SENSHOP/admin523wv7vhl/index.php/improve/modules/alerts/count?_token=Ivwoi3ZUDRjOmRQCkNoyzTaUUAjiCfvUe9gJtgBThtE","method":"GET"} []
[2019-07-27 14:24:21] security.DEBUG: Read existing security token from the session. {"key":"_security_main","token_class":"Symfony\\Component\\Security\\Core\\Authentication\\Token\\UsernamePasswordToken"} []
[2019-07-27 14:24:21] security.DEBUG: User was reloaded from a user provider. {"provider":"PrestaShopBundle\\Security\\Admin\\EmployeeProvider","username":"ramaba389@gmail.com"} []
[2019-07-27 14:24:21] app.ERROR: Data from PrestaShop Addons is invalid, and cannot fallback on cache.  {"exception":"cURL error 6: Could not resolve host: api-addons.prestashop.com"} []
[2019-07-27 14:24:22] security.DEBUG: Stored the security token in the session. {"key":"_security_main"} []
[2019-07-27 14:47:32] request.INFO: Matched route "admin_themes_enable". {"route":"admin_themes_enable","route_parameters":{"_controller":"PrestaShopBundle\\Controller\\Admin\\Improve\\Design\\ThemeController::enableAction","_legacy_controller":"AdminThemes","_legacy_link":"AdminThemes:enableTheme","_legacy_parameters":{"theme_name":"themeName"},"themeName":"classic","_route":"admin_themes_enable"},"request_uri":"http://localhost/SENSHOP/admin523wv7vhl/index.php/improve/design/themes/classic/enable?_token=Re6lVgM3_DZKb1l3MNwN30kWsdJX_Ur4HpyP2m02eFc","method":"POST"} []
[2019-07-27 14:47:32] security.DEBUG: Read existing security token from the session. {"key":"_security_main","token_class":"Symfony\\Component\\Security\\Core\\Authentication\\Token\\UsernamePasswordToken"} []
[2019-07-27 14:47:32] security.DEBUG: User was reloaded from a user provider. {"provider":"PrestaShopBundle\\Security\\Admin\\EmployeeProvider","username":"ramaba389@gmail.com"} []
[2019-07-27 14:47:32] app.ERROR: Data from PrestaShop Addons is invalid, and cannot fallback on cache.  {"exception":"cURL error 6: Could not resolve host: api-addons.prestashop.com"} []
[2019-07-27 14:47:42] security.DEBUG: Stored the security token in the session. {"key":"_security_main"} []
[2019-07-27 14:49:51] request.INFO: Matched route "admin_themes_enable". {"route":"admin_themes_enable","route_parameters":{"_controller":"PrestaShopBundle\\Controller\\Admin\\Improve\\Design\\ThemeController::enableAction","_legacy_controller":"AdminThemes","_legacy_link":"AdminThemes:enableTheme","_legacy_parameters":{"theme_name":"themeName"},"themeName":"shopkart_lite","_route":"admin_themes_enable"},"request_uri":"http://localhost/SENSHOP/admin523wv7vhl/index.php/improve/design/themes/shopkart_lite/enable?_token=Re6lVgM3_DZKb1l3MNwN30kWsdJX_Ur4HpyP2m02eFc","method":"POST"} []
[2019-07-27 14:49:51] security.DEBUG: Read existing security token from the session. {"key":"_security_main","token_class":"Symfony\\Component\\Security\\Core\\Authentication\\Token\\UsernamePasswordToken"} []
[2019-07-27 14:49:51] security.DEBUG: User was reloaded from a user provider. {"provider":"PrestaShopBundle\\Security\\Admin\\EmployeeProvider","username":"ramaba389@gmail.com"} []
[2019-07-27 14:49:51] app.ERROR: Data from PrestaShop Addons is invalid, and cannot fallback on cache.  {"exception":"cURL error 6: Could not resolve host: api-addons.prestashop.com"} []
[2019-07-27 14:50:01] security.DEBUG: Stored the security token in the session. {"key":"_security_main"} []
[2019-07-27 14:59:56] request.INFO: Matched route "admin_themes_enable". {"route":"admin_themes_enable","route_parameters":{"_controller":"PrestaShopBundle\\Controller\\Admin\\Improve\\Design\\ThemeController::enableAction","_legacy_controller":"AdminThemes","_legacy_link":"AdminThemes:enableTheme","_legacy_parameters":{"theme_name":"themeName"},"themeName":"sp_revo17","_route":"admin_themes_enable"},"request_uri":"http://localhost/SENSHOP/admin523wv7vhl/index.php/improve/design/themes/sp_revo17/enable?_token=Re6lVgM3_DZKb1l3MNwN30kWsdJX_Ur4HpyP2m02eFc","method":"POST"} []
[2019-07-27 14:59:56] security.DEBUG: Read existing security token from the session. {"key":"_security_main","token_class":"Symfony\\Component\\Security\\Core\\Authentication\\Token\\UsernamePasswordToken"} []
[2019-07-27 14:59:56] security.DEBUG: User was reloaded from a user provider. {"provider":"PrestaShopBundle\\Security\\Admin\\EmployeeProvider","username":"ramaba389@gmail.com"} []
[2019-07-27 14:59:56] app.ERROR: Data from PrestaShop Addons is invalid, and cannot fallback on cache.  {"exception":"cURL error 6: Could not resolve host: api-addons.prestashop.com"} []
[2019-07-27 15:03:39] security.DEBUG: Stored the security token in the session. {"key":"_security_main"} []
[2019-07-27 20:12:04] request.INFO: Matched route "admin_themes_enable". {"route":"admin_themes_enable","route_parameters":{"_controller":"PrestaShopBundle\\Controller\\Admin\\Improve\\Design\\ThemeController::enableAction","_legacy_controller":"AdminThemes","_legacy_link":"AdminThemes:enableTheme","_legacy_parameters":{"theme_name":"themeName"},"themeName":"shopkart_lite","_route":"admin_themes_enable"},"request_uri":"http://localhost/SENSHOP/admin523wv7vhl/index.php/improve/design/themes/shopkart_lite/enable?_token=lsxhtvHUmI_6ctonmO3LMjEN8cHrenoBvOoKqHSMXrc","method":"POST"} []
[2019-07-27 20:12:04] security.DEBUG: Read existing security token from the session. {"key":"_security_main","token_class":"Symfony\\Component\\Security\\Core\\Authentication\\Token\\UsernamePasswordToken"} []
[2019-07-27 20:12:04] security.DEBUG: User was reloaded from a user provider. {"provider":"PrestaShopBundle\\Security\\Admin\\EmployeeProvider","username":"ramaba389@gmail.com"} []
[2019-07-27 20:12:04] app.ERROR: Data from PrestaShop Addons is invalid, and cannot fallback on cache.  {"exception":"cURL error 6: Could not resolve host: api-addons.prestashop.com"} []
[2019-07-27 20:12:39] security.DEBUG: Stored the security token in the session. {"key":"_security_main"} []
[2019-07-28 00:59:37] request.INFO: Matched route "admin_module_manage". {"route":"admin_module_manage","route_parameters":{"category":null,"keyword":null,"_controller":"PrestaShopBundle\\Controller\\Admin\\Improve\\ModuleController::manageAction","_legacy_controller":"AdminModulesManage","_legacy_link":["AdminModulesManage","AdminModulesSf"],"_route":"admin_module_manage"},"request_uri":"http://localhost/SENSHOP/admin523wv7vhl/index.php/improve/modules/manage?_token=RG9HElVA5Cb52N1c_drhrwIHVG_L2po-UF18xkLcRo4","method":"GET"} []
[2019-07-28 00:59:37] security.DEBUG: Read existing security token from the session. {"key":"_security_main","token_class":"Symfony\\Component\\Security\\Core\\Authentication\\Token\\UsernamePasswordToken"} []
[2019-07-28 00:59:37] security.DEBUG: User was reloaded from a user provider. {"provider":"PrestaShopBundle\\Security\\Admin\\EmployeeProvider","username":"ramaba389@gmail.com"} []
[2019-07-28 00:59:42] app.ERROR: Data from PrestaShop Addons is invalid, and cannot fallback on cache.  {"exception":"cURL error 28: Operation timed out after 5000 milliseconds with 174469 bytes received"} []
[2019-07-28 00:59:44] security.DEBUG: Stored the security token in the session. {"key":"_security_main"} []
[2019-07-28 00:59:46] request.INFO: Matched route "admin_module_notification_count". {"route":"admin_module_notification_count","route_parameters":{"_controller":"PrestaShopBundle\\Controller\\Admin\\Improve\\Modules\\AlertsController::notificationsCountAction","_legacy_controller":"AdminModulesNotifications","_legacy_link":"AdminModulesNotifications:count","_route":"admin_module_notification_count"},"request_uri":"http://localhost/SENSHOP/admin523wv7vhl/index.php/improve/modules/alerts/count?_token=RG9HElVA5Cb52N1c_drhrwIHVG_L2po-UF18xkLcRo4","method":"GET"} []
[2019-07-28 00:59:46] security.DEBUG: Read existing security token from the session. {"key":"_security_main","token_class":"Symfony\\Component\\Security\\Core\\Authentication\\Token\\UsernamePasswordToken"} []
[2019-07-28 00:59:46] security.DEBUG: User was reloaded from a user provider. {"provider":"PrestaShopBundle\\Security\\Admin\\EmployeeProvider","username":"ramaba389@gmail.com"} []
[2019-07-28 00:59:51] app.ERROR: Data from PrestaShop Addons is invalid, and cannot fallback on cache.  {"exception":"cURL error 28: Operation timed out after 5001 milliseconds with 158094 bytes received"} []
[2019-07-28 00:59:51] security.DEBUG: Stored the security token in the session. {"key":"_security_main"} []
[2019-07-28 01:00:07] request.INFO: Matched route "admin_module_configure_action". {"route":"admin_module_configure_action","route_parameters":{"_controller":"PrestaShopBundle\\Controller\\Admin\\Improve\\ModuleController::configureModuleAction","_legacy_controller":"AdminModules","module_name":"ps_shoppingcart","_route":"admin_module_configure_action"},"request_uri":"http://localhost/SENSHOP/admin523wv7vhl/index.php/improve/modules/manage/action/configure/ps_shoppingcart?_token=RG9HElVA5Cb52N1c_drhrwIHVG_L2po-UF18xkLcRo4","method":"GET"} []
[2019-07-28 01:00:07] security.DEBUG: Read existing security token from the session. {"key":"_security_main","token_class":"Symfony\\Component\\Security\\Core\\Authentication\\Token\\UsernamePasswordToken"} []
[2019-07-28 01:00:07] security.DEBUG: User was reloaded from a user provider. {"provider":"PrestaShopBundle\\Security\\Admin\\EmployeeProvider","username":"ramaba389@gmail.com"} []
[2019-07-28 01:00:12] app.ERROR: Data from PrestaShop Addons is invalid, and cannot fallback on cache.  {"exception":"cURL error 28: Operation timed out after 5000 milliseconds with 141701 bytes received"} []
[2019-07-28 01:00:12] security.DEBUG: Stored the security token in the session. {"key":"_security_main"} []
[2019-07-28 01:00:09] request.INFO: Matched route "admin_module_configure_action". {"route":"admin_module_configure_action","route_parameters":{"_controller":"PrestaShopBundle\\Controller\\Admin\\Improve\\ModuleController::configureModuleAction","_legacy_controller":"AdminModules","module_name":"ps_shoppingcart","_route":"admin_module_configure_action"},"request_uri":"http://localhost/SENSHOP/admin523wv7vhl/index.php/improve/modules/manage/action/configure/ps_shoppingcart?_token=RG9HElVA5Cb52N1c_drhrwIHVG_L2po-UF18xkLcRo4","method":"GET"} []
[2019-07-28 01:00:12] security.DEBUG: Read existing security token from the session. {"key":"_security_main","token_class":"Symfony\\Component\\Security\\Core\\Authentication\\Token\\UsernamePasswordToken"} []
[2019-07-28 01:00:12] security.DEBUG: User was reloaded from a user provider. {"provider":"PrestaShopBundle\\Security\\Admin\\EmployeeProvider","username":"ramaba389@gmail.com"} []
[2019-07-28 01:00:17] app.ERROR: Data from PrestaShop Addons is invalid, and cannot fallback on cache.  {"exception":"cURL error 28: Operation timed out after 5000 milliseconds with 92182 bytes received"} []
[2019-07-28 01:00:17] security.DEBUG: Stored the security token in the session. {"key":"_security_main"} []
[2019-07-28 01:05:44] request.INFO: Matched route "admin_module_manage". {"route":"admin_module_manage","route_parameters":{"category":null,"keyword":null,"_controller":"PrestaShopBundle\\Controller\\Admin\\Improve\\ModuleController::manageAction","_legacy_controller":"AdminModulesManage","_legacy_link":["AdminModulesManage","AdminModulesSf"],"_route":"admin_module_manage"},"request_uri":"http://localhost/SENSHOP/admin523wv7vhl/index.php/improve/modules/manage?_token=RG9HElVA5Cb52N1c_drhrwIHVG_L2po-UF18xkLcRo4","method":"GET"} []
[2019-07-28 01:05:44] security.DEBUG: Read existing security token from the session. {"key":"_security_main","token_class":"Symfony\\Component\\Security\\Core\\Authentication\\Token\\UsernamePasswordToken"} []
[2019-07-28 01:05:44] security.DEBUG: User was reloaded from a user provider. {"provider":"PrestaShopBundle\\Security\\Admin\\EmployeeProvider","username":"ramaba389@gmail.com"} []
[2019-07-28 01:05:50] app.ERROR: Data from PrestaShop Addons is invalid, and cannot fallback on cache.  {"exception":"cURL error 28: Resolving timed out after 5516 milliseconds"} []
[2019-07-28 01:05:50] security.DEBUG: Stored the security token in the session. {"key":"_security_main"} []
[2019-07-28 01:05:52] request.INFO: Matched route "admin_module_notification_count". {"route":"admin_module_notification_count","route_parameters":{"_controller":"PrestaShopBundle\\Controller\\Admin\\Improve\\Modules\\AlertsController::notificationsCountAction","_legacy_controller":"AdminModulesNotifications","_legacy_link":"AdminModulesNotifications:count","_route":"admin_module_notification_count"},"request_uri":"http://localhost/SENSHOP/admin523wv7vhl/index.php/improve/modules/alerts/count?_token=RG9HElVA5Cb52N1c_drhrwIHVG_L2po-UF18xkLcRo4","method":"GET"} []
[2019-07-28 01:05:52] security.DEBUG: Read existing security token from the session. {"key":"_security_main","token_class":"Symfony\\Component\\Security\\Core\\Authentication\\Token\\UsernamePasswordToken"} []
[2019-07-28 01:05:52] security.DEBUG: User was reloaded from a user provider. {"provider":"PrestaShopBundle\\Security\\Admin\\EmployeeProvider","username":"ramaba389@gmail.com"} []
[2019-07-28 01:05:57] app.ERROR: Data from PrestaShop Addons is invalid, and cannot fallback on cache.  {"exception":"cURL error 28: Connection timed out after 5001 milliseconds"} []
[2019-07-28 01:05:57] security.DEBUG: Stored the security token in the session. {"key":"_security_main"} []
[2019-07-28 01:06:03] request.INFO: Matched route "admin_module_import". {"route":"admin_module_import","route_parameters":{"module_name":null,"_controller":"PrestaShopBundle\\Controller\\Admin\\Improve\\ModuleController::importModuleAction","_route":"admin_module_import"},"request_uri":"http://localhost/SENSHOP/admin523wv7vhl/index.php/improve/modules/import?_token=RG9HElVA5Cb52N1c_drhrwIHVG_L2po-UF18xkLcRo4","method":"POST"} []
[2019-07-28 01:06:03] security.DEBUG: Read existing security token from the session. {"key":"_security_main","token_class":"Symfony\\Component\\Security\\Core\\Authentication\\Token\\UsernamePasswordToken"} []
[2019-07-28 01:06:03] security.DEBUG: User was reloaded from a user provider. {"provider":"PrestaShopBundle\\Security\\Admin\\EmployeeProvider","username":"ramaba389@gmail.com"} []
[2019-07-28 01:06:08] app.ERROR: Data from PrestaShop Addons is invalid, and cannot fallback on cache.  {"exception":"cURL error 28: Operation timed out after 5000 milliseconds with 0 out of 0 bytes received"} []
[2019-07-28 01:06:20] security.DEBUG: Stored the security token in the session. {"key":"_security_main"} []
[2019-07-28 01:06:32] request.INFO: Matched route "admin_module_configure_action". {"route":"admin_module_configure_action","route_parameters":{"_controller":"PrestaShopBundle\\Controller\\Admin\\Improve\\ModuleController::configureModuleAction","_legacy_controller":"AdminModules","module_name":"smartsupp","_route":"admin_module_configure_action"},"request_uri":"http://localhost/SENSHOP/admin523wv7vhl/index.php/improve/modules/manage/action/configure/smartsupp?_token=RG9HElVA5Cb52N1c_drhrwIHVG_L2po-UF18xkLcRo4","method":"GET"} []
[2019-07-28 01:06:32] security.DEBUG: Read existing security token from the session. {"key":"_security_main","token_class":"Symfony\\Component\\Security\\Core\\Authentication\\Token\\UsernamePasswordToken"} []
[2019-07-28 01:06:32] security.DEBUG: User was reloaded from a user provider. {"provider":"PrestaShopBundle\\Security\\Admin\\EmployeeProvider","username":"ramaba389@gmail.com"} []
[2019-07-28 01:06:37] app.ERROR: Data from PrestaShop Addons is invalid, and cannot fallback on cache.  {"exception":"cURL error 28: Operation timed out after 5001 milliseconds with 30078 bytes received"} []
[2019-07-28 01:06:37] security.DEBUG: Stored the security token in the session. {"key":"_security_main"} []
[2019-07-28 01:06:36] request.INFO: Matched route "admin_module_configure_action". {"route":"admin_module_configure_action","route_parameters":{"_controller":"PrestaShopBundle\\Controller\\Admin\\Improve\\ModuleController::configureModuleAction","_legacy_controller":"AdminModules","module_name":"smartsupp","_route":"admin_module_configure_action"},"request_uri":"http://localhost/SENSHOP/admin523wv7vhl/index.php/improve/modules/manage/action/configure/smartsupp?_token=RG9HElVA5Cb52N1c_drhrwIHVG_L2po-UF18xkLcRo4","method":"GET"} []
[2019-07-28 01:06:37] security.DEBUG: Read existing security token from the session. {"key":"_security_main","token_class":"Symfony\\Component\\Security\\Core\\Authentication\\Token\\UsernamePasswordToken"} []
[2019-07-28 01:06:37] security.DEBUG: User was reloaded from a user provider. {"provider":"PrestaShopBundle\\Security\\Admin\\EmployeeProvider","username":"ramaba389@gmail.com"} []
[2019-07-28 01:06:42] app.ERROR: Data from PrestaShop Addons is invalid, and cannot fallback on cache.  {"exception":"cURL error 28: Operation timed out after 5000 milliseconds with 96009 bytes received"} []
[2019-07-28 01:06:42] security.DEBUG: Stored the security token in the session. {"key":"_security_main"} []
[2019-07-28 12:40:22] app.ERROR: Data from PrestaShop Addons is invalid, and cannot fallback on cache.  {"exception":"cURL error 6: Could not resolve host: api-addons.prestashop.com"} []
[2019-07-28 12:46:29] request.INFO: Matched route "admin_module_manage". {"route":"admin_module_manage","route_parameters":{"category":null,"keyword":null,"_controller":"PrestaShopBundle\\Controller\\Admin\\Improve\\ModuleController::manageAction","_legacy_controller":"AdminModulesManage","_legacy_link":["AdminModulesManage","AdminModulesSf"],"_route":"admin_module_manage"},"request_uri":"http://localhost/SENSHOP/admin523wv7vhl/index.php/improve/modules/manage?_token=IvYXOJ-6Z1HGRljlLPq_pue3KFehRndEqO_fPyp6BQ8","method":"GET"} []
[2019-07-28 12:46:29] security.DEBUG: Read existing security token from the session. {"key":"_security_main","token_class":"Symfony\\Component\\Security\\Core\\Authentication\\Token\\UsernamePasswordToken"} []
[2019-07-28 12:46:29] security.DEBUG: User was reloaded from a user provider. {"provider":"PrestaShopBundle\\Security\\Admin\\EmployeeProvider","username":"ramaba389@gmail.com"} []
[2019-07-28 12:46:29] app.ERROR: Data from PrestaShop Addons is invalid, and cannot fallback on cache.  {"exception":"cURL error 6: Could not resolve host: api-addons.prestashop.com"} []
[2019-07-28 12:46:29] security.DEBUG: Stored the security token in the session. {"key":"_security_main"} []
[2019-07-28 12:46:31] request.INFO: Matched route "admin_module_notification_count". {"route":"admin_module_notification_count","route_parameters":{"_controller":"PrestaShopBundle\\Controller\\Admin\\Improve\\Modules\\AlertsController::notificationsCountAction","_legacy_controller":"AdminModulesNotifications","_legacy_link":"AdminModulesNotifications:count","_route":"admin_module_notification_count"},"request_uri":"http://localhost/SENSHOP/admin523wv7vhl/index.php/improve/modules/alerts/count?_token=IvYXOJ-6Z1HGRljlLPq_pue3KFehRndEqO_fPyp6BQ8","method":"GET"} []
[2019-07-28 12:46:31] security.DEBUG: Read existing security token from the session. {"key":"_security_main","token_class":"Symfony\\Component\\Security\\Core\\Authentication\\Token\\UsernamePasswordToken"} []
[2019-07-28 12:46:31] security.DEBUG: User was reloaded from a user provider. {"provider":"PrestaShopBundle\\Security\\Admin\\EmployeeProvider","username":"ramaba389@gmail.com"} []
[2019-07-28 12:46:31] app.ERROR: Data from PrestaShop Addons is invalid, and cannot fallback on cache.  {"exception":"cURL error 6: Could not resolve host: api-addons.prestashop.com"} []
[2019-07-28 12:46:31] security.DEBUG: Stored the security token in the session. {"key":"_security_main"} []
[2019-07-28 12:47:01] request.INFO: Matched route "admin_themes_enable". {"route":"admin_themes_enable","route_parameters":{"_controller":"PrestaShopBundle\\Controller\\Admin\\Improve\\Design\\ThemeController::enableAction","_legacy_controller":"AdminThemes","_legacy_link":"AdminThemes:enableTheme","_legacy_parameters":{"theme_name":"themeName"},"themeName":"shopkart_lite","_route":"admin_themes_enable"},"request_uri":"http://localhost/SENSHOP/admin523wv7vhl/index.php/improve/design/themes/shopkart_lite/enable?_token=IvYXOJ-6Z1HGRljlLPq_pue3KFehRndEqO_fPyp6BQ8","method":"POST"} []
[2019-07-28 12:47:01] security.DEBUG: Read existing security token from the session. {"key":"_security_main","token_class":"Symfony\\Component\\Security\\Core\\Authentication\\Token\\UsernamePasswordToken"} []
[2019-07-28 12:47:01] security.DEBUG: User was reloaded from a user provider. {"provider":"PrestaShopBundle\\Security\\Admin\\EmployeeProvider","username":"ramaba389@gmail.com"} []
[2019-07-28 12:47:01] app.ERROR: Data from PrestaShop Addons is invalid, and cannot fallback on cache.  {"exception":"cURL error 6: Could not resolve host: api-addons.prestashop.com"} []
[2019-07-28 12:47:29] security.DEBUG: Stored the security token in the session. {"key":"_security_main"} []
[2019-07-28 12:52:16] request.INFO: Matched route "admin_themes_enable". {"route":"admin_themes_enable","route_parameters":{"_controller":"PrestaShopBundle\\Controller\\Admin\\Improve\\Design\\ThemeController::enableAction","_legacy_controller":"AdminThemes","_legacy_link":"AdminThemes:enableTheme","_legacy_parameters":{"theme_name":"themeName"},"themeName":"sp_revo17","_route":"admin_themes_enable"},"request_uri":"http://localhost/SENSHOP/admin523wv7vhl/index.php/improve/design/themes/sp_revo17/enable?_token=IvYXOJ-6Z1HGRljlLPq_pue3KFehRndEqO_fPyp6BQ8","method":"POST"} []
[2019-07-28 12:52:16] security.DEBUG: Read existing security token from the session. {"key":"_security_main","token_class":"Symfony\\Component\\Security\\Core\\Authentication\\Token\\UsernamePasswordToken"} []
[2019-07-28 12:52:16] security.DEBUG: User was reloaded from a user provider. {"provider":"PrestaShopBundle\\Security\\Admin\\EmployeeProvider","username":"ramaba389@gmail.com"} []
[2019-07-28 12:52:16] app.ERROR: Data from PrestaShop Addons is invalid, and cannot fallback on cache.  {"exception":"cURL error 6: Could not resolve host: api-addons.prestashop.com"} []
[2019-07-28 12:52:47] security.DEBUG: Stored the security token in the session. {"key":"_security_main"} []
[2019-07-28 12:56:24] request.INFO: Matched route "admin_themes_enable". {"route":"admin_themes_enable","route_parameters":{"_controller":"PrestaShopBundle\\Controller\\Admin\\Improve\\Design\\ThemeController::enableAction","_legacy_controller":"AdminThemes","_legacy_link":"AdminThemes:enableTheme","_legacy_parameters":{"theme_name":"themeName"},"themeName":"shopkart_lite","_route":"admin_themes_enable"},"request_uri":"http://localhost/SENSHOP/admin523wv7vhl/index.php/improve/design/themes/shopkart_lite/enable?_token=IvYXOJ-6Z1HGRljlLPq_pue3KFehRndEqO_fPyp6BQ8","method":"POST"} []
[2019-07-28 12:56:24] security.DEBUG: Read existing security token from the session. {"key":"_security_main","token_class":"Symfony\\Component\\Security\\Core\\Authentication\\Token\\UsernamePasswordToken"} []
[2019-07-28 12:56:24] security.DEBUG: User was reloaded from a user provider. {"provider":"PrestaShopBundle\\Security\\Admin\\EmployeeProvider","username":"ramaba389@gmail.com"} []
[2019-07-28 12:56:24] app.ERROR: Data from PrestaShop Addons is invalid, and cannot fallback on cache.  {"exception":"cURL error 6: Could not resolve host: api-addons.prestashop.com"} []
[2019-07-28 12:56:55] security.DEBUG: Stored the security token in the session. {"key":"_security_main"} []
[2019-07-28 13:00:42] request.INFO: Matched route "admin_themes_enable". {"route":"admin_themes_enable","route_parameters":{"_controller":"PrestaShopBundle\\Controller\\Admin\\Improve\\Design\\ThemeController::enableAction","_legacy_controller":"AdminThemes","_legacy_link":"AdminThemes:enableTheme","_legacy_parameters":{"theme_name":"themeName"},"themeName":"sp_revo17","_route":"admin_themes_enable"},"request_uri":"http://localhost/SENSHOP/admin523wv7vhl/index.php/improve/design/themes/sp_revo17/enable?_token=IvYXOJ-6Z1HGRljlLPq_pue3KFehRndEqO_fPyp6BQ8","method":"POST"} []
[2019-07-28 13:00:42] security.DEBUG: Read existing security token from the session. {"key":"_security_main","token_class":"Symfony\\Component\\Security\\Core\\Authentication\\Token\\UsernamePasswordToken"} []
[2019-07-28 13:00:42] security.DEBUG: User was reloaded from a user provider. {"provider":"PrestaShopBundle\\Security\\Admin\\EmployeeProvider","username":"ramaba389@gmail.com"} []
[2019-07-28 13:00:42] app.ERROR: Data from PrestaShop Addons is invalid, and cannot fallback on cache.  {"exception":"cURL error 6: Could not resolve host: api-addons.prestashop.com"} []
[2019-07-28 13:01:13] security.DEBUG: Stored the security token in the session. {"key":"_security_main"} []
[2019-07-28 13:13:05] request.INFO: Matched route "admin_module_manage". {"route":"admin_module_manage","route_parameters":{"category":null,"keyword":null,"_controller":"PrestaShopBundle\\Controller\\Admin\\Improve\\ModuleController::manageAction","_legacy_controller":"AdminModulesManage","_legacy_link":["AdminModulesManage","AdminModulesSf"],"_route":"admin_module_manage"},"request_uri":"http://localhost/SENSHOP/admin523wv7vhl/index.php/improve/modules/manage?_token=IvYXOJ-6Z1HGRljlLPq_pue3KFehRndEqO_fPyp6BQ8","method":"GET"} []
[2019-07-28 13:13:05] security.DEBUG: Read existing security token from the session. {"key":"_security_main","token_class":"Symfony\\Component\\Security\\Core\\Authentication\\Token\\UsernamePasswordToken"} []
[2019-07-28 13:13:05] security.DEBUG: User was reloaded from a user provider. {"provider":"PrestaShopBundle\\Security\\Admin\\EmployeeProvider","username":"ramaba389@gmail.com"} []
[2019-07-28 13:13:11] app.ERROR: Data from PrestaShop Addons is invalid, and cannot fallback on cache.  {"exception":"cURL error 28: Resolving timed out after 5514 milliseconds"} []
[2019-07-28 13:13:11] security.DEBUG: Stored the security token in the session. {"key":"_security_main"} []
[2019-07-28 13:13:13] request.INFO: Matched route "admin_module_notification_count". {"route":"admin_module_notification_count","route_parameters":{"_controller":"PrestaShopBundle\\Controller\\Admin\\Improve\\Modules\\AlertsController::notificationsCountAction","_legacy_controller":"AdminModulesNotifications","_legacy_link":"AdminModulesNotifications:count","_route":"admin_module_notification_count"},"request_uri":"http://localhost/SENSHOP/admin523wv7vhl/index.php/improve/modules/alerts/count?_token=IvYXOJ-6Z1HGRljlLPq_pue3KFehRndEqO_fPyp6BQ8","method":"GET"} []
[2019-07-28 13:13:13] security.DEBUG: Read existing security token from the session. {"key":"_security_main","token_class":"Symfony\\Component\\Security\\Core\\Authentication\\Token\\UsernamePasswordToken"} []
[2019-07-28 13:13:13] security.DEBUG: User was reloaded from a user provider. {"provider":"PrestaShopBundle\\Security\\Admin\\EmployeeProvider","username":"ramaba389@gmail.com"} []
[2019-07-28 13:13:19] app.ERROR: Data from PrestaShop Addons is invalid, and cannot fallback on cache.  {"exception":"cURL error 28: Resolving timed out after 5514 milliseconds"} []
[2019-07-28 13:13:19] security.DEBUG: Stored the security token in the session. {"key":"_security_main"} []
[2019-07-28 13:13:42] request.INFO: Matched route "admin_module_configure_action". {"route":"admin_module_configure_action","route_parameters":{"_controller":"PrestaShopBundle\\Controller\\Admin\\Improve\\ModuleController::configureModuleAction","_legacy_controller":"AdminModules","module_name":"spverticalmenu","_route":"admin_module_configure_action"},"request_uri":"http://localhost/SENSHOP/admin523wv7vhl/index.php/improve/modules/manage/action/configure/spverticalmenu?_token=IvYXOJ-6Z1HGRljlLPq_pue3KFehRndEqO_fPyp6BQ8","method":"GET"} []
[2019-07-28 13:13:42] security.DEBUG: Read existing security token from the session. {"key":"_security_main","token_class":"Symfony\\Component\\Security\\Core\\Authentication\\Token\\UsernamePasswordToken"} []
[2019-07-28 13:13:42] security.DEBUG: User was reloaded from a user provider. {"provider":"PrestaShopBundle\\Security\\Admin\\EmployeeProvider","username":"ramaba389@gmail.com"} []
[2019-07-28 13:13:48] app.ERROR: Data from PrestaShop Addons is invalid, and cannot fallback on cache.  {"exception":"cURL error 28: Resolving timed out after 5514 milliseconds"} []
[2019-07-28 13:13:48] security.DEBUG: Stored the security token in the session. {"key":"_security_main"} []
[2019-07-28 13:13:48] request.CRITICAL: Uncaught PHP Exception Exception: "The locale 1 is invalid" at /var/www/html/SENSHOP/classes/Language.php line 809 {"exception":"[object] (Exception(code: 0): The locale 1 is invalid at /var/www/html/SENSHOP/classes/Language.php:809)"} []
[2019-07-28 13:13:58] request.CRITICAL: Uncaught PHP Exception Exception: "The locale 1 is invalid" at /var/www/html/SENSHOP/classes/Language.php line 809 {"exception":"[object] (Exception(code: 0): The locale 1 is invalid at /var/www/html/SENSHOP/classes/Language.php:809)"} []
[2019-07-28 13:14:00] request.INFO: Matched route "admin_module_manage". {"route":"admin_module_manage","route_parameters":{"category":null,"keyword":null,"_controller":"PrestaShopBundle\\Controller\\Admin\\Improve\\ModuleController::manageAction","_legacy_controller":"AdminModulesManage","_legacy_link":["AdminModulesManage","AdminModulesSf"],"_route":"admin_module_manage"},"request_uri":"http://localhost/SENSHOP/admin523wv7vhl/index.php/improve/modules/manage?_token=IvYXOJ-6Z1HGRljlLPq_pue3KFehRndEqO_fPyp6BQ8","method":"GET"} []
[2019-07-28 13:14:00] security.DEBUG: Read existing security token from the session. {"key":"_security_main","token_class":"Symfony\\Component\\Security\\Core\\Authentication\\Token\\UsernamePasswordToken"} []
[2019-07-28 13:14:00] security.DEBUG: User was reloaded from a user provider. {"provider":"PrestaShopBundle\\Security\\Admin\\EmployeeProvider","username":"ramaba389@gmail.com"} []
[2019-07-28 13:14:05] app.ERROR: Data from PrestaShop Addons is invalid, and cannot fallback on cache.  {"exception":"cURL error 28: Resolving timed out after 5515 milliseconds"} []
[2019-07-28 13:14:06] security.DEBUG: Stored the security token in the session. {"key":"_security_main"} []
[2019-07-28 13:14:07] request.INFO: Matched route "admin_module_notification_count". {"route":"admin_module_notification_count","route_parameters":{"_controller":"PrestaShopBundle\\Controller\\Admin\\Improve\\Modules\\AlertsController::notificationsCountAction","_legacy_controller":"AdminModulesNotifications","_legacy_link":"AdminModulesNotifications:count","_route":"admin_module_notification_count"},"request_uri":"http://localhost/SENSHOP/admin523wv7vhl/index.php/improve/modules/alerts/count?_token=IvYXOJ-6Z1HGRljlLPq_pue3KFehRndEqO_fPyp6BQ8","method":"GET"} []
[2019-07-28 13:14:07] security.DEBUG: Read existing security token from the session. {"key":"_security_main","token_class":"Symfony\\Component\\Security\\Core\\Authentication\\Token\\UsernamePasswordToken"} []
[2019-07-28 13:14:07] security.DEBUG: User was reloaded from a user provider. {"provider":"PrestaShopBundle\\Security\\Admin\\EmployeeProvider","username":"ramaba389@gmail.com"} []
[2019-07-28 13:14:12] app.ERROR: Data from PrestaShop Addons is invalid, and cannot fallback on cache.  {"exception":"cURL error 28: Resolving timed out after 5514 milliseconds"} []
[2019-07-28 13:14:13] security.DEBUG: Stored the security token in the session. {"key":"_security_main"} []
[2019-07-28 13:14:18] request.INFO: Matched route "admin_module_configure_action". {"route":"admin_module_configure_action","route_parameters":{"_controller":"PrestaShopBundle\\Controller\\Admin\\Improve\\ModuleController::configureModuleAction","_legacy_controller":"AdminModules","module_name":"spverticalmenu","_route":"admin_module_configure_action"},"request_uri":"http://localhost/SENSHOP/admin523wv7vhl/index.php/improve/modules/manage/action/configure/spverticalmenu?_token=IvYXOJ-6Z1HGRljlLPq_pue3KFehRndEqO_fPyp6BQ8","method":"GET"} []
[2019-07-28 13:14:18] security.DEBUG: Read existing security token from the session. {"key":"_security_main","token_class":"Symfony\\Component\\Security\\Core\\Authentication\\Token\\UsernamePasswordToken"} []
[2019-07-28 13:14:18] security.DEBUG: User was reloaded from a user provider. {"provider":"PrestaShopBundle\\Security\\Admin\\EmployeeProvider","username":"ramaba389@gmail.com"} []
[2019-07-28 13:14:24] app.ERROR: Data from PrestaShop Addons is invalid, and cannot fallback on cache.  {"exception":"cURL error 28: Resolving timed out after 5514 milliseconds"} []
[2019-07-28 13:14:24] security.DEBUG: Stored the security token in the session. {"key":"_security_main"} []
[2019-07-28 13:14:24] request.CRITICAL: Uncaught PHP Exception Exception: "The locale 1 is invalid" at /var/www/html/SENSHOP/classes/Language.php line 809 {"exception":"[object] (Exception(code: 0): The locale 1 is invalid at /var/www/html/SENSHOP/classes/Language.php:809)"} []
[2019-07-28 13:14:45] request.INFO: Matched route "admin_module_manage". {"route":"admin_module_manage","route_parameters":{"category":null,"keyword":null,"_controller":"PrestaShopBundle\\Controller\\Admin\\Improve\\ModuleController::manageAction","_legacy_controller":"AdminModulesManage","_legacy_link":["AdminModulesManage","AdminModulesSf"],"_route":"admin_module_manage"},"request_uri":"http://localhost/SENSHOP/admin523wv7vhl/index.php/improve/modules/manage?_token=IvYXOJ-6Z1HGRljlLPq_pue3KFehRndEqO_fPyp6BQ8","method":"GET"} []
[2019-07-28 13:14:45] security.DEBUG: Read existing security token from the session. {"key":"_security_main","token_class":"Symfony\\Component\\Security\\Core\\Authentication\\Token\\UsernamePasswordToken"} []
[2019-07-28 13:14:45] security.DEBUG: User was reloaded from a user provider. {"provider":"PrestaShopBundle\\Security\\Admin\\EmployeeProvider","username":"ramaba389@gmail.com"} []
[2019-07-28 13:14:51] app.ERROR: Data from PrestaShop Addons is invalid, and cannot fallback on cache.  {"exception":"cURL error 28: Resolving timed out after 5514 milliseconds"} []
[2019-07-28 13:14:51] security.DEBUG: Stored the security token in the session. {"key":"_security_main"} []
[2019-07-28 13:14:53] request.INFO: Matched route "admin_module_notification_count". {"route":"admin_module_notification_count","route_parameters":{"_controller":"PrestaShopBundle\\Controller\\Admin\\Improve\\Modules\\AlertsController::notificationsCountAction","_legacy_controller":"AdminModulesNotifications","_legacy_link":"AdminModulesNotifications:count","_route":"admin_module_notification_count"},"request_uri":"http://localhost/SENSHOP/admin523wv7vhl/index.php/improve/modules/alerts/count?_token=IvYXOJ-6Z1HGRljlLPq_pue3KFehRndEqO_fPyp6BQ8","method":"GET"} []
[2019-07-28 13:14:53] security.DEBUG: Read existing security token from the session. {"key":"_security_main","token_class":"Symfony\\Component\\Security\\Core\\Authentication\\Token\\UsernamePasswordToken"} []
[2019-07-28 13:14:53] security.DEBUG: User was reloaded from a user provider. {"provider":"PrestaShopBundle\\Security\\Admin\\EmployeeProvider","username":"ramaba389@gmail.com"} []
[2019-07-28 13:14:58] app.ERROR: Data from PrestaShop Addons is invalid, and cannot fallback on cache.  {"exception":"cURL error 28: Resolving timed out after 5515 milliseconds"} []
[2019-07-28 13:14:58] security.DEBUG: Stored the security token in the session. {"key":"_security_main"} []
[2019-07-28 13:16:45] request.INFO: Matched route "admin_module_configure_action". {"route":"admin_module_configure_action","route_parameters":{"_controller":"PrestaShopBundle\\Controller\\Admin\\Improve\\ModuleController::configureModuleAction","_legacy_controller":"AdminModules","module_name":"spverticalmenu","_route":"admin_module_configure_action"},"request_uri":"http://localhost/SENSHOP/admin523wv7vhl/index.php/improve/modules/manage/action/configure/spverticalmenu?_token=IvYXOJ-6Z1HGRljlLPq_pue3KFehRndEqO_fPyp6BQ8","method":"GET"} []
[2019-07-28 13:16:45] security.DEBUG: Read existing security token from the session. {"key":"_security_main","token_class":"Symfony\\Component\\Security\\Core\\Authentication\\Token\\UsernamePasswordToken"} []
[2019-07-28 13:16:45] security.DEBUG: User was reloaded from a user provider. {"provider":"PrestaShopBundle\\Security\\Admin\\EmployeeProvider","username":"ramaba389@gmail.com"} []
[2019-07-28 13:16:50] app.ERROR: Data from PrestaShop Addons is invalid, and cannot fallback on cache.  {"exception":"cURL error 28: Resolving timed out after 5514 milliseconds"} []
[2019-07-28 13:16:51] security.DEBUG: Stored the security token in the session. {"key":"_security_main"} []
[2019-07-28 13:16:51] request.CRITICAL: Uncaught PHP Exception Exception: "The locale 1 is invalid" at /var/www/html/SENSHOP/classes/Language.php line 809 {"exception":"[object] (Exception(code: 0): The locale 1 is invalid at /var/www/html/SENSHOP/classes/Language.php:809)"} []
[2019-07-28 13:19:43] request.CRITICAL: Uncaught PHP Exception Exception: "The locale 1 is invalid" at /var/www/html/SENSHOP/classes/Language.php line 809 {"exception":"[object] (Exception(code: 0): The locale 1 is invalid at /var/www/html/SENSHOP/classes/Language.php:809)"} []
[2019-07-28 13:20:29] request.INFO: Matched route "admin_module_manage_action". {"route":"admin_module_manage_action","route_parameters":{"_controller":"PrestaShopBundle\\Controller\\Admin\\Improve\\ModuleController::moduleAction","action":"upgrade","module_name":"productcomments","_route":"admin_module_manage_action"},"request_uri":"http://localhost/SENSHOP/admin523wv7vhl/index.php/improve/modules/manage/action/upgrade/productcomments?_token=IvYXOJ-6Z1HGRljlLPq_pue3KFehRndEqO_fPyp6BQ8","method":"POST"} []
[2019-07-28 13:20:29] security.DEBUG: Read existing security token from the session. {"key":"_security_main","token_class":"Symfony\\Component\\Security\\Core\\Authentication\\Token\\UsernamePasswordToken"} []
[2019-07-28 13:20:29] security.DEBUG: User was reloaded from a user provider. {"provider":"PrestaShopBundle\\Security\\Admin\\EmployeeProvider","username":"ramaba389@gmail.com"} []
[2019-07-28 13:20:34] app.ERROR: Exception retournée par le module productcomments pour upgrade. Error sent by Addons. You may need to be logged. [] []
[2019-07-28 13:20:35] security.DEBUG: Stored the security token in the session. {"key":"_security_main"} []
[2019-07-28 13:24:25] request.CRITICAL: Uncaught PHP Exception Exception: "The locale 1 is invalid" at /var/www/html/SENSHOP/classes/Language.php line 809 {"exception":"[object] (Exception(code: 0): The locale 1 is invalid at /var/www/html/SENSHOP/classes/Language.php:809)"} []
[2019-07-28 13:54:09] request.CRITICAL: Uncaught PHP Exception Exception: "The locale 1 is invalid" at /var/www/html/SENSHOP/classes/Language.php line 809 {"exception":"[object] (Exception(code: 0): The locale 1 is invalid at /var/www/html/SENSHOP/classes/Language.php:809)"} []
[2019-07-28 14:03:27] request.CRITICAL: Uncaught PHP Exception Exception: "The locale 1 is invalid" at /var/www/html/SENSHOP/classes/Language.php line 809 {"exception":"[object] (Exception(code: 0): The locale 1 is invalid at /var/www/html/SENSHOP/classes/Language.php:809)"} []
